#2026 05 10 06:47:14.129#Z#INFO#13edb48d-4c3c-11f1-ad7f-eeee0a8b5753.OPERATION#http-nio-0.0.0.0-8080-exec-20#
[XS2StartProcessListener] Operation ID: 13edb48d-4c3c-11f1-ad7f-eeee0a8b5753#
#2026 05 10 06:47:14.154#Z#DEBUG#13edb48d-4c3c-11f1-ad7f-eeee0a8b5753.OPERATION#http-nio-0.0.0.0-8080-exec-20#
[XS2StartProcessListener] Process environment: {
  "SKIP_SSL_VALIDATION" : "false",
  "FLOWABLE_JOB_EXECUTOR_MAX_THREADS" : "32",
  "VERSION" : "2.44.3",
  "BASIC_AUTH_ENABLED" : "true",
  "FLOWABLE_JOB_EXECUTOR_QUEUE_CAPACITY" : "16",
  "FLOWABLE_JOB_EXECUTOR_CORE_THREADS" : "8"
}#
#2026 05 10 06:47:14.154#Z#DEBUG#13edb48d-4c3c-11f1-ad7f-eeee0a8b5753.OPERATION#http-nio-0.0.0.0-8080-exec-20#
[XS2StartProcessListener] Current user: satyanarayan.pradhan@wipro.com#
#2026 05 10 06:47:14.154#Z#DEBUG#13edb48d-4c3c-11f1-ad7f-eeee0a8b5753.OPERATION#http-nio-0.0.0.0-8080-exec-20#
[XS2StartProcessListener] Client space: dev#
#2026 05 10 06:47:14.154#Z#DEBUG#13edb48d-4c3c-11f1-ad7f-eeee0a8b5753.OPERATION#http-nio-0.0.0.0-8080-exec-20#
[XS2StartProcessListener] Client organization: 52effce2trial#
#2026 05 10 06:47:14.154#Z#INFO#13edb48d-4c3c-11f1-ad7f-eeee0a8b5753.OPERATION#http-nio-0.0.0.0-8080-exec-20#
[XS2StartProcessListener] Process variables: {
  "keepFiles" : false,
  "skipAppDigestCalculation" : false,
  "abortOnError" : false,
  "mtaId" : "onboarding-backend",
  "noFailOnMissingPermissions" : false,
  "isSecurityEnabled" : false,
  "apiRequestPath" : "https://deploy-service.cf.us10-001.hana.ondemand.com/api/v1/spaces/804e714d-07c5-4eee-bc54-248647a11845/operations",
  "deleteServiceBrokers" : false,
  "appArchiveId" : "acb2772d-973d-4548-a7df-2594339ab56e",
  "isDisposableUserProvidedServiceEnabled" : false,
  "deleteServiceKeys" : false,
  "noRestartSubscribedApps" : false,
  "noStart" : false,
  "deleteServices" : false
}#
#2026 05 10 06:47:14.212#Z#DEBUG#13edb48d-4c3c-11f1-ad7f-eeee0a8b5753.OPERATION#flowable-async-job-executor-thread-12730#
[ValidateDeployParametersStep] Executing task "validateParametersTask" of process "13edb4b3-4c3c-11f1-ad7f-eeee0a8b5753"...#
#2026 05 10 06:47:14.212#Z#DEBUG#13edb48d-4c3c-11f1-ad7f-eeee0a8b5753.OPERATION#flowable-async-job-executor-thread-12730#
[ValidateDeployParametersStep] Validating parameters...#
#2026 05 10 06:47:14.215#Z#INFO#13edb48d-4c3c-11f1-ad7f-eeee0a8b5753.OPERATION#flowable-async-job-executor-thread-12730#
[ValidateDeployParametersStep] Size of mtars is 7,280,425 and size of extension descriptors is 0#
#2026 05 10 06:47:14.244#Z#INFO#13edb48d-4c3c-11f1-ad7f-eeee0a8b5753.OPERATION#flowable-async-job-executor-thread-12730#
[ValidateDeployParametersStep] Archive was not split! Total size in bytes: 7,280,425#
#2026 05 10 06:47:14.244#Z#INFO#13edb48d-4c3c-11f1-ad7f-eeee0a8b5753.OPERATION#flowable-async-job-executor-thread-12730#
[ValidateDeployParametersStep] Deploying in org "52effce2trial" and space "dev"#
#2026 05 10 06:47:14.251#Z#DEBUG#13edb48d-4c3c-11f1-ad7f-eeee0a8b5753.OPERATION#flowable-async-job-executor-thread-12730#
[ValidateDeployParametersStep] Parameters validated#
#2026 05 10 06:47:14.251#Z#DEBUG#13edb48d-4c3c-11f1-ad7f-eeee0a8b5753.OPERATION#flowable-async-job-executor-thread-12730#
Step "Validate Parameters" finished#
#2026 05 10 06:47:14.290#Z#DEBUG#13edb48d-4c3c-11f1-ad7f-eeee0a8b5753.OPERATION#flowable-async-job-executor-thread-12731#
[DeleteRemainingFileParts] Executing task "deleteRemainingFileParts" of process "13edb4b3-4c3c-11f1-ad7f-eeee0a8b5753"...#
#2026 05 10 06:47:14.291#Z#DEBUG#13edb48d-4c3c-11f1-ad7f-eeee0a8b5753.OPERATION#flowable-async-job-executor-thread-12731#
Step "Delete Remaining File Parts" finished#
#2026 05 10 06:47:14.329#Z#DEBUG#13edb48d-4c3c-11f1-ad7f-eeee0a8b5753.OPERATION#flowable-async-job-executor-thread-12732#
[XS2ProcessMtaArchiveStep] Executing task "processArchiveTask" of process "13edb4b3-4c3c-11f1-ad7f-eeee0a8b5753"...#
#2026 05 10 06:47:14.330#Z#DEBUG#13edb48d-4c3c-11f1-ad7f-eeee0a8b5753.OPERATION#flowable-async-job-executor-thread-12732#
[XS2ProcessMtaArchiveStep] Processing MTA archive...#
#2026 05 10 06:47:14.330#Z#DEBUG#13edb48d-4c3c-11f1-ad7f-eeee0a8b5753.OPERATION#flowable-async-job-executor-thread-12732#
[XS2ProcessMtaArchiveStep] MTA Archive ID: acb2772d-973d-4548-a7df-2594339ab56e#
#2026 05 10 06:47:14.581#Z#DEBUG#13edb48d-4c3c-11f1-ad7f-eeee0a8b5753.OPERATION#flowable-async-job-executor-thread-12732#
[XS2ProcessMtaArchiveStep] MTA Descriptor length: 244#
#2026 05 10 06:47:14.581#Z#DEBUG#13edb48d-4c3c-11f1-ad7f-eeee0a8b5753.OPERATION#flowable-async-job-executor-thread-12732#
[XS2ProcessMtaArchiveStep] MTA Archive Modules: [onboarding-backend-srv]#
#2026 05 10 06:47:14.581#Z#DEBUG#13edb48d-4c3c-11f1-ad7f-eeee0a8b5753.OPERATION#flowable-async-job-executor-thread-12732#
[XS2ProcessMtaArchiveStep] MTA Archive Requires: []#
#2026 05 10 06:47:14.581#Z#DEBUG#13edb48d-4c3c-11f1-ad7f-eeee0a8b5753.OPERATION#flowable-async-job-executor-thread-12732#
[XS2ProcessMtaArchiveStep] MTA Archive Resources: []#
#2026 05 10 06:47:14.594#Z#DEBUG#13edb48d-4c3c-11f1-ad7f-eeee0a8b5753.OPERATION#flowable-async-job-executor-thread-12732#
[XS2ProcessMtaArchiveStep] MTA archive processed#
#2026 05 10 06:47:14.594#Z#DEBUG#13edb48d-4c3c-11f1-ad7f-eeee0a8b5753.OPERATION#flowable-async-job-executor-thread-12732#
Step "Process Archive" finished#
#2026 05 10 06:47:14.638#Z#DEBUG#13edb48d-4c3c-11f1-ad7f-eeee0a8b5753.OPERATION#flowable-async-job-executor-thread-12733#
[ProcessMtaExtensionDescriptorsStep] Executing task "processExtensionDescriptorsTask" of process "13edb4b3-4c3c-11f1-ad7f-eeee0a8b5753"...#
#2026 05 10 06:47:14.639#Z#DEBUG#13edb48d-4c3c-11f1-ad7f-eeee0a8b5753.OPERATION#flowable-async-job-executor-thread-12733#
[ProcessMtaExtensionDescriptorsStep] Processing MTA extension descriptors...#
#2026 05 10 06:47:14.639#Z#DEBUG#13edb48d-4c3c-11f1-ad7f-eeee0a8b5753.OPERATION#flowable-async-job-executor-thread-12733#
[ProcessMtaExtensionDescriptorsStep] Provided extension descriptors: [ ]#
#2026 05 10 06:47:14.639#Z#DEBUG#13edb48d-4c3c-11f1-ad7f-eeee0a8b5753.OPERATION#flowable-async-job-executor-thread-12733#
[ProcessMtaExtensionDescriptorsStep] No extension descriptors in use#
#2026 05 10 06:47:14.640#Z#DEBUG#13edb48d-4c3c-11f1-ad7f-eeee0a8b5753.OPERATION#flowable-async-job-executor-thread-12733#
[ProcessMtaExtensionDescriptorsStep] MTA extension descriptors processed#
#2026 05 10 06:47:14.640#Z#DEBUG#13edb48d-4c3c-11f1-ad7f-eeee0a8b5753.OPERATION#flowable-async-job-executor-thread-12733#
Step "Process Extension Descriptors" finished#
#2026 05 10 06:47:14.681#Z#DEBUG#13edb48d-4c3c-11f1-ad7f-eeee0a8b5753.OPERATION#flowable-async-job-executor-thread-12734#
[XS2DetectMtaSchemaVersionStep] Executing task "detectSchemaVersionTask" of process "13edb4b3-4c3c-11f1-ad7f-eeee0a8b5753"...#
#2026 05 10 06:47:14.682#Z#DEBUG#13edb48d-4c3c-11f1-ad7f-eeee0a8b5753.OPERATION#flowable-async-job-executor-thread-12734#
[XS2DetectMtaSchemaVersionStep] Detecting MTA major schema version...#
#2026 05 10 06:47:14.683#Z#INFO#13edb48d-4c3c-11f1-ad7f-eeee0a8b5753.OPERATION#flowable-async-job-executor-thread-12734#
[XS2DetectMtaSchemaVersionStep] Detected MTA schema version: "3"#
#2026 05 10 06:47:14.689#Z#DEBUG#13edb48d-4c3c-11f1-ad7f-eeee0a8b5753.OPERATION#flowable-async-job-executor-thread-12734#
Step "Detect Schema Version" finished#
#2026 05 10 06:47:14.732#Z#DEBUG#13edb48d-4c3c-11f1-ad7f-eeee0a8b5753.OPERATION#flowable-async-job-executor-thread-12735#
[MergeDescriptorsStep] Executing task "mergeDescriptorsTask" of process "13edb4b3-4c3c-11f1-ad7f-eeee0a8b5753"...#
#2026 05 10 06:47:14.733#Z#DEBUG#13edb48d-4c3c-11f1-ad7f-eeee0a8b5753.OPERATION#flowable-async-job-executor-thread-12735#
[MergeDescriptorsStep] Validating and merging descriptors...#
#2026 05 10 06:47:14.734#Z#DEBUG#13edb48d-4c3c-11f1-ad7f-eeee0a8b5753.OPERATION#flowable-async-job-executor-thread-12735#
[MergeDescriptorsStep] Merged deployment descriptor: {
  "majorSchemaVersion" : 3,
  "schemaVersion" : "3.3.0",
  "id" : "onboarding-backend",
  "version" : "1.0.0",
  "modules" : [ {
    "majorSchemaVersion" : 3,
    "name" : "onboarding-backend-srv",
    "type" : "javascript.nodejs",
    "path" : "onboarding-backend-srv",
    "properties" : { },
    "parameters" : {
      "disk-quota" : "1G",
      "memory" : "512M"
    },
    "requiredDependencies" : [ ],
    "providedDependencies" : [ {
      "majorSchemaVersion" : 3,
      "name" : "onboarding-backend-srv",
      "isPublic" : false,
      "properties" : { },
      "parameters" : { },
      "propertiesMetadata" : {
        "metadata" : { }
      },
      "parametersMetadata" : {
        "metadata" : { }
      }
    } ],
    "propertiesMetadata" : {
      "metadata" : { }
    },
    "parametersMetadata" : {
      "metadata" : { }
    },
    "hooks" : [ ]
  } ],
  "resources" : [ ],
  "parameters" : { },
  "parametersMetadata" : {
    "metadata" : { }
  }
}#
#2026 05 10 06:47:14.737#Z#DEBUG#13edb48d-4c3c-11f1-ad7f-eeee0a8b5753.OPERATION#flowable-async-job-executor-thread-12735#
[MergeDescriptorsStep] Descriptors validated and merged#
#2026 05 10 06:47:14.737#Z#DEBUG#13edb48d-4c3c-11f1-ad7f-eeee0a8b5753.OPERATION#flowable-async-job-executor-thread-12735#
Step "Merge Descriptors" finished#
#2026 05 10 06:47:14.778#Z#DEBUG#13edb48d-4c3c-11f1-ad7f-eeee0a8b5753.OPERATION#flowable-async-job-executor-thread-12736#
[DetectDeployedMtaStep] Executing task "detectDeployedMtaTask" of process "13edb4b3-4c3c-11f1-ad7f-eeee0a8b5753"...#
#2026 05 10 06:47:14.779#Z#DEBUG#13edb48d-4c3c-11f1-ad7f-eeee0a8b5753.OPERATION#flowable-async-job-executor-thread-12736#
[DetectDeployedMtaStep] Detecting deployed MTA...#
#2026 05 10 06:47:14.783#Z#DEBUG#13edb48d-4c3c-11f1-ad7f-eeee0a8b5753.OPERATION#flowable-async-job-executor-thread-12736#
[DetectDeployedMtaStep] Detecting MTA by id onboarding-backend and namespace null#
#2026 05 10 06:47:14.783#Z#DEBUG#13edb48d-4c3c-11f1-ad7f-eeee0a8b5753.OPERATION#flowable-async-job-executor-thread-12736#
[DetectDeployedMtaStep] Getting applications by metadata label selector "mta_id=a7b37b36c90ec6daa41ab54965d13786,!mta_namespace"...#
#2026 05 10 06:47:14.830#Z#DEBUG#13edb48d-4c3c-11f1-ad7f-eeee0a8b5753.OPERATION#flowable-async-job-executor-thread-12736#
[DetectDeployedMtaStep] Getting service instances by metadata label selector "mta_id=a7b37b36c90ec6daa41ab54965d13786,!mta_namespace"...#
#2026 05 10 06:47:14.865#Z#DEBUG#13edb48d-4c3c-11f1-ad7f-eeee0a8b5753.OPERATION#flowable-async-job-executor-thread-12736#
[DetectDeployedMtaStep] Deployed MTA: {
  "metadata" : {
    "id" : "onboarding-backend",
    "version" : "1.0.0"
  },
  "applications" : [ {
    "name" : "onboarding-backend-srv",
    "metadata" : {
      "guid" : "1e89e680-5b45-4777-b12c-11839bfec8fd",
      "createdAt" : [ 2026, 5, 10, 5, 57, 21 ],
      "updatedAt" : [ 2026, 5, 10, 6, 37, 38 ]
    },
    "v3Metadata" : {
      "annotations" : {
        "mta_id" : "onboarding-backend",
        "mta_version" : "1.0.0",
        "mta_module" : "{\"name\":\"onboarding-backend-srv\"}",
        "mta_module_provided_dependencies" : "[]",
        "mta_bound_services" : "[]"
      },
      "labels" : {
        "mta_id" : "a7b37b36c90ec6daa41ab54965d13786"
      }
    },
    "state" : "STOPPED",
    "lifecycle" : {
      "type" : "BUILDPACK",
      "data" : {
        "buildpacks" : [ "nodejs_buildpack" ],
        "stack" : "cflinuxfs4"
      }
    },
    "space" : {
      "name" : "dev",
      "metadata" : {
        "guid" : "804e714d-07c5-4eee-bc54-248647a11845",
        "createdAt" : [ 2026, 4, 21, 5, 33, 24 ],
        "updatedAt" : [ 2026, 4, 21, 5, 33, 24 ]
      },
      "organization" : {
        "name" : "52effce2trial",
        "metadata" : {
          "guid" : "e46b059a-39af-4699-a991-6b073646296c",
          "createdAt" : [ 2026, 4, 21, 5, 33, 22 ],
          "updatedAt" : [ 2026, 4, 21, 5, 33, 24 ]
        }
      }
    },
    "moduleName" : "onboarding-backend-srv",
    "boundMtaServices" : [ ],
    "providedDependencyNames" : [ ],
    "productizationState" : "LIVE"
  } ],
  "services" : [ ]
}#
#2026 05 10 06:47:14.865#Z#INFO#13edb48d-4c3c-11f1-ad7f-eeee0a8b5753.OPERATION#flowable-async-job-executor-thread-12736#
[DetectDeployedMtaStep] Detected deployed MTA with ID "onboarding-backend" and version "1.0.0"#
#2026 05 10 06:47:14.872#Z#DEBUG#13edb48d-4c3c-11f1-ad7f-eeee0a8b5753.OPERATION#flowable-async-job-executor-thread-12736#
[DetectDeployedMtaStep] Detecting backup mta by id "onboarding-backend" and namespace "null"#
#2026 05 10 06:47:14.872#Z#DEBUG#13edb48d-4c3c-11f1-ad7f-eeee0a8b5753.OPERATION#flowable-async-job-executor-thread-12736#
[DetectDeployedMtaStep] Getting applications by metadata label selector "mta_id=a7b37b36c90ec6daa41ab54965d13786,mta_namespace=b698114a0995e936895b9598a6c19a2c"...#
#2026 05 10 06:47:14.914#Z#DEBUG#13edb48d-4c3c-11f1-ad7f-eeee0a8b5753.OPERATION#flowable-async-job-executor-thread-12736#
[DetectDeployedMtaStep] Getting service instances by metadata label selector "mta_id=a7b37b36c90ec6daa41ab54965d13786,mta_namespace=b698114a0995e936895b9598a6c19a2c"...#
#2026 05 10 06:47:14.951#Z#DEBUG#13edb48d-4c3c-11f1-ad7f-eeee0a8b5753.OPERATION#flowable-async-job-executor-thread-12736#
[DetectDeployedMtaStep] Deployed MTA service keys: [ ]#
#2026 05 10 06:47:14.951#Z#DEBUG#13edb48d-4c3c-11f1-ad7f-eeee0a8b5753.OPERATION#flowable-async-job-executor-thread-12736#
Step "Detect Deployed MTA" finished#
#2026 05 10 06:47:14.998#Z#DEBUG#13edb48d-4c3c-11f1-ad7f-eeee0a8b5753.OPERATION#flowable-async-job-executor-thread-12737#
[XS2CollectSystemParametersStep] Executing task "collectSystemParametersTask" of process "13edb4b3-4c3c-11f1-ad7f-eeee0a8b5753"...#
#2026 05 10 06:47:14.999#Z#DEBUG#13edb48d-4c3c-11f1-ad7f-eeee0a8b5753.OPERATION#flowable-async-job-executor-thread-12737#
[XS2CollectSystemParametersStep] Collecting system parameters...#
#2026 05 10 06:47:15.002#Z#DEBUG#13edb48d-4c3c-11f1-ad7f-eeee0a8b5753.OPERATION#flowable-async-job-executor-thread-12737#
[XS2CollectSystemParametersStep] Getting default domain...#
#2026 05 10 06:47:15.031#Z#DEBUG#13edb48d-4c3c-11f1-ad7f-eeee0a8b5753.OPERATION#flowable-async-job-executor-thread-12737#
[XS2CollectSystemParametersStep] Default domain: cfapps.us10-001.hana.ondemand.com#
#2026 05 10 06:47:15.031#Z#DEBUG#13edb48d-4c3c-11f1-ad7f-eeee0a8b5753.OPERATION#flowable-async-job-executor-thread-12737#
[XS2CollectSystemParametersStep] Checking for overwriting read-only parameters for mta with id: "onboarding-backend"#
#2026 05 10 06:47:15.031#Z#DEBUG#13edb48d-4c3c-11f1-ad7f-eeee0a8b5753.OPERATION#flowable-async-job-executor-thread-12737#
[XS2CollectSystemParametersStep] No read-only parameters are overwritten#
#2026 05 10 06:47:15.044#Z#DEBUG#13edb48d-4c3c-11f1-ad7f-eeee0a8b5753.OPERATION#flowable-async-job-executor-thread-12737#
[XS2CollectSystemParametersStep] Descriptor with system parameters: {
  "majorSchemaVersion" : 3,
  "schemaVersion" : "3.3.0",
  "id" : "onboarding-backend",
  "version" : "1.0.0",
  "modules" : [ {
    "majorSchemaVersion" : 3,
    "name" : "onboarding-backend-srv",
    "type" : "javascript.nodejs",
    "path" : "onboarding-backend-srv",
    "properties" : { },
    "parameters" : {
      "default-url" : "${protocol}://${default-uri}",
      "default-app-name" : "onboarding-backend-srv",
      "generated-password" : "********",
      "default-live-url" : "${protocol}://${default-live-uri}",
      "default-uri" : "${host}.${domain}",
      "memory" : "512M",
      "default-instances" : 1,
      "default-live-host" : "52effce2trial-dev-onboarding-backend-srv",
      "instances" : "${default-instances}",
      "default-host" : "52effce2trial-dev-onboarding-backend-srv",
      "app-name" : "${default-app-name}",
      "default-live-uri" : "52effce2trial-dev-onboarding-backend-srv.${domain}",
      "protocol" : "https",
      "default-live-app-name" : "onboarding-backend-srv",
      "default-live-domain" : "cfapps.us10-001.hana.ondemand.com",
      "disk-quota" : "1G",
      "domain" : "${default-domain}",
      "host" : "${default-host}",
      "generated-user" : "********"
    },
    "requiredDependencies" : [ ],
    "providedDependencies" : [ {
      "majorSchemaVersion" : 3,
      "name" : "onboarding-backend-srv",
      "isPublic" : false,
      "properties" : { },
      "parameters" : { },
      "propertiesMetadata" : {
        "metadata" : { }
      },
      "parametersMetadata" : {
        "metadata" : { }
      }
    } ],
    "propertiesMetadata" : {
      "metadata" : { }
    },
    "parametersMetadata" : {
      "metadata" : { }
    },
    "hooks" : [ ]
  } ],
  "resources" : [ ],
  "parameters" : {
    "mta-id" : "onboarding-backend",
    "authorization-url" : "********",
    "org-guid" : "e46b059a-39af-4699-a991-6b073646296c",
    "org" : "52effce2trial",
    "deploy-target" : "52effce2trial dev",
    "space" : "dev",
    "xs-api-url" : "https://api.cf.us10-001.hana.ondemand.com",
    "deploy-url" : "deploy-service.cfapps.us10-001.hana.ondemand.com",
    "xs-type" : "CF",
    "default-domain" : "cfapps.us10-001.hana.ondemand.com",
    "mta-version" : "1.0.0",
    "xs-auth-url" : "********",
    "space-guid" : "804e714d-07c5-4eee-bc54-248647a11845",
    "user" : "********",
    "controller-url" : "https://api.cf.us10-001.hana.ondemand.com",
    "timestamp" : "20260510064714"
  },
  "parametersMetadata" : {
    "metadata" : { }
  }
}#
#2026 05 10 06:47:15.045#Z#DEBUG#13edb48d-4c3c-11f1-ad7f-eeee0a8b5753.OPERATION#flowable-async-job-executor-thread-12737#
[XS2CollectSystemParametersStep] Version rule: SAME_HIGHER#
#2026 05 10 06:47:15.045#Z#INFO#13edb48d-4c3c-11f1-ad7f-eeee0a8b5753.OPERATION#flowable-async-job-executor-thread-12737#
[XS2CollectSystemParametersStep] Detected new MTA version: "1.0.0"#
#2026 05 10 06:47:15.052#Z#INFO#13edb48d-4c3c-11f1-ad7f-eeee0a8b5753.OPERATION#flowable-async-job-executor-thread-12737#
[XS2CollectSystemParametersStep] Deployed MTA version: "1.0.0"#
#2026 05 10 06:47:15.059#Z#DEBUG#13edb48d-4c3c-11f1-ad7f-eeee0a8b5753.OPERATION#flowable-async-job-executor-thread-12737#
[XS2CollectSystemParametersStep] MTA accepted for deployment#
#2026 05 10 06:47:15.060#Z#DEBUG#13edb48d-4c3c-11f1-ad7f-eeee0a8b5753.OPERATION#flowable-async-job-executor-thread-12737#
[XS2CollectSystemParametersStep] System parameters collected#
#2026 05 10 06:47:15.060#Z#DEBUG#13edb48d-4c3c-11f1-ad7f-eeee0a8b5753.OPERATION#flowable-async-job-executor-thread-12737#
Step "Collect System Parameters" finished#
#2026 05 10 06:47:15.107#Z#DEBUG#13edb48d-4c3c-11f1-ad7f-eeee0a8b5753.OPERATION#flowable-async-job-executor-thread-12730#
[ProcessDescriptorStep] Executing task "processDescriptorTask" of process "13edb4b3-4c3c-11f1-ad7f-eeee0a8b5753"...#
#2026 05 10 06:47:15.108#Z#DEBUG#13edb48d-4c3c-11f1-ad7f-eeee0a8b5753.OPERATION#flowable-async-job-executor-thread-12730#
[ProcessDescriptorStep] Resolving properties and parameters in merged descriptor...#
#2026 05 10 06:47:15.110#Z#DEBUG#13edb48d-4c3c-11f1-ad7f-eeee0a8b5753.OPERATION#flowable-async-job-executor-thread-12730#
[ProcessDescriptorStep] Subscriptions: [ ]#
#2026 05 10 06:47:15.110#Z#DEBUG#13edb48d-4c3c-11f1-ad7f-eeee0a8b5753.OPERATION#flowable-async-job-executor-thread-12730#
[ProcessDescriptorStep] MTA modules: [onboarding-backend-srv]#
#2026 05 10 06:47:15.110#Z#DEBUG#13edb48d-4c3c-11f1-ad7f-eeee0a8b5753.OPERATION#flowable-async-job-executor-thread-12730#
[ProcessDescriptorStep] Resolved deployment descriptor: {
  "majorSchemaVersion" : 3,
  "schemaVersion" : "3.3.0",
  "id" : "onboarding-backend",
  "version" : "1.0.0",
  "modules" : [ {
    "majorSchemaVersion" : 3,
    "name" : "onboarding-backend-srv",
    "type" : "javascript.nodejs",
    "path" : "onboarding-backend-srv",
    "properties" : { },
    "parameters" : {
      "default-url" : "https://52effce2trial-dev-onboarding-backend-srv.cfapps.us10-001.hana.ondemand.com",
      "default-app-name" : "onboarding-backend-srv",
      "generated-password" : "********",
      "default-live-url" : "https://52effce2trial-dev-onboarding-backend-srv.cfapps.us10-001.hana.ondemand.com",
      "default-uri" : "52effce2trial-dev-onboarding-backend-srv.cfapps.us10-001.hana.ondemand.com",
      "memory" : "512M",
      "default-instances" : 1,
      "default-live-host" : "52effce2trial-dev-onboarding-backend-srv",
      "instances" : 1,
      "default-host" : "52effce2trial-dev-onboarding-backend-srv",
      "app-name" : "onboarding-backend-srv",
      "default-live-uri" : "52effce2trial-dev-onboarding-backend-srv.cfapps.us10-001.hana.ondemand.com",
      "protocol" : "https",
      "default-live-app-name" : "onboarding-backend-srv",
      "default-live-domain" : "cfapps.us10-001.hana.ondemand.com",
      "disk-quota" : "1G",
      "domain" : "cfapps.us10-001.hana.ondemand.com",
      "host" : "52effce2trial-dev-onboarding-backend-srv",
      "generated-user" : "********"
    },
    "requiredDependencies" : [ ],
    "providedDependencies" : [ {
      "majorSchemaVersion" : 3,
      "name" : "onboarding-backend-srv",
      "isPublic" : false,
      "properties" : { },
      "parameters" : { },
      "propertiesMetadata" : {
        "metadata" : { }
      },
      "parametersMetadata" : {
        "metadata" : { }
      }
    } ],
    "propertiesMetadata" : {
      "metadata" : { }
    },
    "parametersMetadata" : {
      "metadata" : { }
    },
    "hooks" : [ ]
  } ],
  "resources" : [ ],
  "parameters" : {
    "mta-id" : "onboarding-backend",
    "authorization-url" : "********",
    "org-guid" : "e46b059a-39af-4699-a991-6b073646296c",
    "org" : "52effce2trial",
    "deploy-target" : "52effce2trial dev",
    "region-primary-domain" : "us10.hana.ondemand.com",
    "space" : "dev",
    "region-domain" : "us10-001.hana.ondemand.com",
    "xs-api-url" : "https://api.cf.us10-001.hana.ondemand.com",
    "deploy-url" : "deploy-service.cfapps.us10-001.hana.ondemand.com",
    "xs-type" : "CF",
    "default-domain" : "cfapps.us10-001.hana.ondemand.com",
    "mta-version" : "1.0.0",
    "xs-auth-url" : "********",
    "space-guid" : "804e714d-07c5-4eee-bc54-248647a11845",
    "user" : "********",
    "controller-url" : "https://api.cf.us10-001.hana.ondemand.com",
    "timestamp" : "20260510064714"
  },
  "parametersMetadata" : {
    "metadata" : { }
  }
}#
#2026 05 10 06:47:15.110#Z#DEBUG#13edb48d-4c3c-11f1-ad7f-eeee0a8b5753.OPERATION#flowable-async-job-executor-thread-12730#
[ProcessDescriptorStep] Merged descriptor properties and parameters resolved#
#2026 05 10 06:47:15.110#Z#DEBUG#13edb48d-4c3c-11f1-ad7f-eeee0a8b5753.OPERATION#flowable-async-job-executor-thread-12730#
Step "Process Descriptor Step" finished#
#2026 05 10 06:47:15.154#Z#DEBUG#13edb48d-4c3c-11f1-ad7f-eeee0a8b5753.OPERATION#flowable-async-job-executor-thread-12730#
[XS2BuildCloudDeployModelStep] Executing task "buildDeployModelTask" of process "13edb4b3-4c3c-11f1-ad7f-eeee0a8b5753"...#
#2026 05 10 06:47:15.157#Z#DEBUG#13edb48d-4c3c-11f1-ad7f-eeee0a8b5753.OPERATION#flowable-async-job-executor-thread-12730#
[XS2BuildCloudDeployModelStep] Service keys defined for content deployment grouped by service name: { }#
#2026 05 10 06:47:15.157#Z#DEBUG#13edb48d-4c3c-11f1-ad7f-eeee0a8b5753.OPERATION#flowable-async-job-executor-thread-12730#
[XS2BuildCloudDeployModelStep] Building cloud deployment model...#
#2026 05 10 06:47:15.159#Z#DEBUG#13edb48d-4c3c-11f1-ad7f-eeee0a8b5753.OPERATION#flowable-async-job-executor-thread-12730#
[XS2BuildCloudDeployModelStep] MTA archive modules: [onboarding-backend-srv]#
#2026 05 10 06:47:15.159#Z#DEBUG#13edb48d-4c3c-11f1-ad7f-eeee0a8b5753.OPERATION#flowable-async-job-executor-thread-12730#
[XS2BuildCloudDeployModelStep] Deployed modules: [onboarding-backend-srv]#
#2026 05 10 06:47:15.162#Z#DEBUG#13edb48d-4c3c-11f1-ad7f-eeee0a8b5753.OPERATION#flowable-async-job-executor-thread-12730#
[XS2BuildCloudDeployModelStep] MTA modules: [onboarding-backend-srv]#
#2026 05 10 06:47:15.162#Z#DEBUG#13edb48d-4c3c-11f1-ad7f-eeee0a8b5753.OPERATION#flowable-async-job-executor-thread-12730#
[XS2BuildCloudDeployModelStep] Service keys to create: { }#
#2026 05 10 06:47:15.162#Z#DEBUG#13edb48d-4c3c-11f1-ad7f-eeee0a8b5753.OPERATION#flowable-async-job-executor-thread-12730#
[XS2BuildCloudDeployModelStep] Modules to deploy: [{
  "majorSchemaVersion" : 3,
  "name" : "onboarding-backend-srv",
  "type" : "javascript.nodejs",
  "path" : "onboarding-backend-srv",
  "properties" : { },
  "parameters" : {
    "default-url" : "https://52effce2trial-dev-onboarding-backend-srv.cfapps.us10-001.hana.ondemand.com",
    "default-app-name" : "onboarding-backend-srv",
    "generated-password" : "********",
    "default-live-url" : "https://52effce2trial-dev-onboarding-backend-srv.cfapps.us10-001.hana.ondemand.com",
    "default-uri" : "52effce2trial-dev-onboarding-backend-srv.cfapps.us10-001.hana.ondemand.com",
    "memory" : "512M",
    "default-instances" : 1,
    "default-live-host" : "52effce2trial-dev-onboarding-backend-srv",
    "instances" : 1,
    "default-host" : "52effce2trial-dev-onboarding-backend-srv",
    "app-name" : "onboarding-backend-srv",
    "default-live-uri" : "52effce2trial-dev-onboarding-backend-srv.cfapps.us10-001.hana.ondemand.com",
    "protocol" : "https",
    "default-live-app-name" : "onboarding-backend-srv",
    "default-live-domain" : "cfapps.us10-001.hana.ondemand.com",
    "disk-quota" : "1G",
    "dependency-type" : "soft",
    "domain" : "cfapps.us10-001.hana.ondemand.com",
    "host" : "52effce2trial-dev-onboarding-backend-srv",
    "generated-user" : "********"
  },
  "requiredDependencies" : [ ],
  "providedDependencies" : [ {
    "majorSchemaVersion" : 3,
    "name" : "onboarding-backend-srv",
    "isPublic" : false,
    "properties" : { },
    "parameters" : { },
    "propertiesMetadata" : {
      "metadata" : { }
    },
    "parametersMetadata" : {
      "metadata" : { }
    }
  } ],
  "propertiesMetadata" : {
    "metadata" : { }
  },
  "parametersMetadata" : {
    "metadata" : { }
  },
  "hooks" : [ ]
}]#
#2026 05 10 06:47:15.162#Z#DEBUG#13edb48d-4c3c-11f1-ad7f-eeee0a8b5753.OPERATION#flowable-async-job-executor-thread-12730#
[XS2BuildCloudDeployModelStep] Custom domains: []#
#2026 05 10 06:47:15.164#Z#DEBUG#13edb48d-4c3c-11f1-ad7f-eeee0a8b5753.OPERATION#flowable-async-job-executor-thread-12730#
[XS2BuildCloudDeployModelStep] Calculating resource batches...#
#2026 05 10 06:47:15.164#Z#DEBUG#13edb48d-4c3c-11f1-ad7f-eeee0a8b5753.OPERATION#flowable-async-job-executor-thread-12730#
[XS2BuildCloudDeployModelStep] Calculating resource batches completed.#
#2026 05 10 06:47:15.164#Z#DEBUG#13edb48d-4c3c-11f1-ad7f-eeee0a8b5753.OPERATION#flowable-async-job-executor-thread-12730#
[XS2BuildCloudDeployModelStep] Cloud deployment model built#
#2026 05 10 06:47:15.164#Z#DEBUG#13edb48d-4c3c-11f1-ad7f-eeee0a8b5753.OPERATION#flowable-async-job-executor-thread-12730#
Step "Build Deploy Model" finished#
#2026 05 10 06:47:15.214#Z#DEBUG#13edb48d-4c3c-11f1-ad7f-eeee0a8b5753.OPERATION#flowable-async-job-executor-thread-12730#
[BuildCloudUndeployModelStep] Executing task "buildUndeployModelTask" of process "13edb4b3-4c3c-11f1-ad7f-eeee0a8b5753"...#
#2026 05 10 06:47:15.216#Z#DEBUG#13edb48d-4c3c-11f1-ad7f-eeee0a8b5753.OPERATION#flowable-async-job-executor-thread-12730#
[BuildCloudUndeployModelStep] Building cloud undeployment model...#
#2026 05 10 06:47:15.219#Z#DEBUG#13edb48d-4c3c-11f1-ad7f-eeee0a8b5753.OPERATION#flowable-async-job-executor-thread-12730#
[BuildCloudUndeployModelStep] Detecting service keys to delete.#
#2026 05 10 06:47:15.220#Z#DEBUG#13edb48d-4c3c-11f1-ad7f-eeee0a8b5753.OPERATION#flowable-async-job-executor-thread-12730#
[BuildCloudUndeployModelStep] No deployed service keys detected!#
#2026 05 10 06:47:15.220#Z#DEBUG#13edb48d-4c3c-11f1-ad7f-eeee0a8b5753.OPERATION#flowable-async-job-executor-thread-12730#
[BuildCloudUndeployModelStep] Detected service keys to delete "[]"#
#2026 05 10 06:47:15.224#Z#DEBUG#13edb48d-4c3c-11f1-ad7f-eeee0a8b5753.OPERATION#flowable-async-job-executor-thread-12730#
[BuildCloudUndeployModelStep] MTA modules: [onboarding-backend-srv]#
#2026 05 10 06:47:15.224#Z#DEBUG#13edb48d-4c3c-11f1-ad7f-eeee0a8b5753.OPERATION#flowable-async-job-executor-thread-12730#
[BuildCloudUndeployModelStep] Modules to undeploy: [ ]#
#2026 05 10 06:47:15.224#Z#DEBUG#13edb48d-4c3c-11f1-ad7f-eeee0a8b5753.OPERATION#flowable-async-job-executor-thread-12730#
[BuildCloudUndeployModelStep] Modules that won't be changed: [ ]#
#2026 05 10 06:47:15.226#Z#DEBUG#13edb48d-4c3c-11f1-ad7f-eeee0a8b5753.OPERATION#flowable-async-job-executor-thread-12730#
[BuildCloudUndeployModelStep] Subscriptions to delete: [ ]#
#2026 05 10 06:47:15.227#Z#DEBUG#13edb48d-4c3c-11f1-ad7f-eeee0a8b5753.OPERATION#flowable-async-job-executor-thread-12730#
[BuildCloudUndeployModelStep] Cloud services to delete: []#
#2026 05 10 06:47:15.227#Z#DEBUG#13edb48d-4c3c-11f1-ad7f-eeee0a8b5753.OPERATION#flowable-async-job-executor-thread-12730#
[BuildCloudUndeployModelStep] Cloud applications to undeploy: [ ]#
#2026 05 10 06:47:15.231#Z#DEBUG#13edb48d-4c3c-11f1-ad7f-eeee0a8b5753.OPERATION#flowable-async-job-executor-thread-12730#
[BuildCloudUndeployModelStep] Cloud undeployment model built#
#2026 05 10 06:47:15.231#Z#DEBUG#13edb48d-4c3c-11f1-ad7f-eeee0a8b5753.OPERATION#flowable-async-job-executor-thread-12730#
Step "Build Undeploy Model" finished#
#2026 05 10 06:47:15.277#Z#DEBUG#13edb48d-4c3c-11f1-ad7f-eeee0a8b5753.OPERATION#flowable-async-job-executor-thread-12733#
[AddDomainsStep] Executing task "addDomainsTask" of process "13edb4b3-4c3c-11f1-ad7f-eeee0a8b5753"...#
#2026 05 10 06:47:15.280#Z#DEBUG#13edb48d-4c3c-11f1-ad7f-eeee0a8b5753.OPERATION#flowable-async-job-executor-thread-12733#
[AddDomainsStep] Custom domains: []#
#2026 05 10 06:47:15.280#Z#DEBUG#13edb48d-4c3c-11f1-ad7f-eeee0a8b5753.OPERATION#flowable-async-job-executor-thread-12733#
Step "Add Domains" finished#
#2026 05 10 06:47:15.333#Z#DEBUG#13edb48d-4c3c-11f1-ad7f-eeee0a8b5753.OPERATION#flowable-async-job-executor-thread-12734#
[PrepareModulesDeploymentStep] Executing task "prepareModulesDeploymentTask" of process "149e3f85-4c3c-11f1-ad7f-eeee0a8b5753"...#
#2026 05 10 06:47:15.334#Z#DEBUG#13edb48d-4c3c-11f1-ad7f-eeee0a8b5753.OPERATION#flowable-async-job-executor-thread-12734#
[PrepareModulesDeploymentStep] Preparing modules deployment...#
#2026 05 10 06:47:15.340#Z#DEBUG#13edb48d-4c3c-11f1-ad7f-eeee0a8b5753.OPERATION#flowable-async-job-executor-thread-12734#
Step "Prepare Modules Deployment" finished#
#2026 05 10 06:47:15.514#Z#DEBUG#13edb48d-4c3c-11f1-ad7f-eeee0a8b5753.OPERATION#flowable-async-job-executor-thread-12734#
[ProcessDescriptorStep] Executing task "reprocessDescriptorTask" of process "14b34ec6-4c3c-11f1-ad7f-eeee0a8b5753"...#
#2026 05 10 06:47:15.516#Z#DEBUG#13edb48d-4c3c-11f1-ad7f-eeee0a8b5753.OPERATION#flowable-async-job-executor-thread-12734#
[ProcessDescriptorStep] Resolving properties and parameters in merged descriptor...#
#2026 05 10 06:47:15.520#Z#DEBUG#13edb48d-4c3c-11f1-ad7f-eeee0a8b5753.OPERATION#flowable-async-job-executor-thread-12734#
[ProcessDescriptorStep] Subscriptions: [ ]#
#2026 05 10 06:47:15.526#Z#DEBUG#13edb48d-4c3c-11f1-ad7f-eeee0a8b5753.OPERATION#flowable-async-job-executor-thread-12734#
[ProcessDescriptorStep] MTA modules: [onboarding-backend-srv]#
#2026 05 10 06:47:15.529#Z#DEBUG#13edb48d-4c3c-11f1-ad7f-eeee0a8b5753.OPERATION#flowable-async-job-executor-thread-12734#
[ProcessDescriptorStep] Resolved deployment descriptor: {
  "majorSchemaVersion" : 3,
  "schemaVersion" : "3.3.0",
  "id" : "onboarding-backend",
  "version" : "1.0.0",
  "modules" : [ {
    "majorSchemaVersion" : 3,
    "name" : "onboarding-backend-srv",
    "type" : "javascript.nodejs",
    "path" : "onboarding-backend-srv",
    "properties" : { },
    "parameters" : {
      "default-url" : "https://52effce2trial-dev-onboarding-backend-srv.cfapps.us10-001.hana.ondemand.com",
      "default-app-name" : "onboarding-backend-srv",
      "generated-password" : "********",
      "default-live-url" : "https://52effce2trial-dev-onboarding-backend-srv.cfapps.us10-001.hana.ondemand.com",
      "default-uri" : "52effce2trial-dev-onboarding-backend-srv.cfapps.us10-001.hana.ondemand.com",
      "memory" : "512M",
      "default-instances" : 1,
      "default-live-host" : "52effce2trial-dev-onboarding-backend-srv",
      "instances" : 1,
      "default-host" : "52effce2trial-dev-onboarding-backend-srv",
      "app-name" : "onboarding-backend-srv",
      "default-live-uri" : "52effce2trial-dev-onboarding-backend-srv.cfapps.us10-001.hana.ondemand.com",
      "protocol" : "https",
      "default-live-app-name" : "onboarding-backend-srv",
      "default-live-domain" : "cfapps.us10-001.hana.ondemand.com",
      "disk-quota" : "1G",
      "domain" : "cfapps.us10-001.hana.ondemand.com",
      "host" : "52effce2trial-dev-onboarding-backend-srv",
      "generated-user" : "********"
    },
    "requiredDependencies" : [ ],
    "providedDependencies" : [ {
      "majorSchemaVersion" : 3,
      "name" : "onboarding-backend-srv",
      "isPublic" : false,
      "properties" : { },
      "parameters" : { },
      "propertiesMetadata" : {
        "metadata" : { }
      },
      "parametersMetadata" : {
        "metadata" : { }
      }
    } ],
    "propertiesMetadata" : {
      "metadata" : { }
    },
    "parametersMetadata" : {
      "metadata" : { }
    },
    "hooks" : [ ]
  } ],
  "resources" : [ ],
  "parameters" : {
    "mta-id" : "onboarding-backend",
    "authorization-url" : "********",
    "org-guid" : "e46b059a-39af-4699-a991-6b073646296c",
    "org" : "52effce2trial",
    "deploy-target" : "52effce2trial dev",
    "region-primary-domain" : "us10.hana.ondemand.com",
    "space" : "dev",
    "region-domain" : "us10-001.hana.ondemand.com",
    "xs-api-url" : "https://api.cf.us10-001.hana.ondemand.com",
    "deploy-url" : "deploy-service.cfapps.us10-001.hana.ondemand.com",
    "xs-type" : "CF",
    "default-domain" : "cfapps.us10-001.hana.ondemand.com",
    "mta-version" : "1.0.0",
    "xs-auth-url" : "********",
    "space-guid" : "804e714d-07c5-4eee-bc54-248647a11845",
    "user" : "********",
    "controller-url" : "https://api.cf.us10-001.hana.ondemand.com",
    "timestamp" : "20260510064714"
  },
  "parametersMetadata" : {
    "metadata" : { }
  }
}#
#2026 05 10 06:47:15.529#Z#DEBUG#13edb48d-4c3c-11f1-ad7f-eeee0a8b5753.OPERATION#flowable-async-job-executor-thread-12734#
[ProcessDescriptorStep] Merged descriptor properties and parameters resolved#
#2026 05 10 06:47:15.529#Z#DEBUG#13edb48d-4c3c-11f1-ad7f-eeee0a8b5753.OPERATION#flowable-async-job-executor-thread-12734#
Step "Re-Process Descriptor Step" finished#
#2026 05 10 06:47:15.570#Z#DEBUG#13edb48d-4c3c-11f1-ad7f-eeee0a8b5753.OPERATION#flowable-async-job-executor-thread-12734#
[BuildApplicationDeployModelStep] Executing task "buildApplicationDeployModelTask" of process "14b34ec6-4c3c-11f1-ad7f-eeee0a8b5753"...#
#2026 05 10 06:47:15.573#Z#DEBUG#13edb48d-4c3c-11f1-ad7f-eeee0a8b5753.OPERATION#flowable-async-job-executor-thread-12734#
[BuildApplicationDeployModelStep] Building cloud deployment model for application "onboarding-backend-srv"...#
#2026 05 10 06:47:15.577#Z#DEBUG#13edb48d-4c3c-11f1-ad7f-eeee0a8b5753.OPERATION#flowable-async-job-executor-thread-12734#
[BuildApplicationDeployModelStep] No health-check-type is specified. Setting default type: port#
#2026 05 10 06:47:15.577#Z#INFO#13edb48d-4c3c-11f1-ad7f-eeee0a8b5753.OPERATION#flowable-async-job-executor-thread-12734#
[BuildApplicationDeployModelStep] Building configuration entries for org 52effce2trial, space dev, spaceId 804e714d-07c5-4eee-bc54-248647a11845 and namespace null!#
#2026 05 10 06:47:15.578#Z#DEBUG#13edb48d-4c3c-11f1-ad7f-eeee0a8b5753.OPERATION#flowable-async-job-executor-thread-12734#
[BuildApplicationDeployModelStep] Configuration entries to publish: [ ]#
#2026 05 10 06:47:15.578#Z#DEBUG#13edb48d-4c3c-11f1-ad7f-eeee0a8b5753.OPERATION#flowable-async-job-executor-thread-12734#
[BuildApplicationDeployModelStep] Cloud deployment model for application built#
#2026 05 10 06:47:15.578#Z#DEBUG#13edb48d-4c3c-11f1-ad7f-eeee0a8b5753.OPERATION#flowable-async-job-executor-thread-12734#
Step "Build Application Deploy Model" finished#
#2026 05 10 06:47:15.629#Z#DEBUG#13edb48d-4c3c-11f1-ad7f-eeee0a8b5753.OPERATION#flowable-async-job-executor-thread-12731#
[CreateOrUpdateAppStep] Executing task "createAppTask" of process "14b34ec6-4c3c-11f1-ad7f-eeee0a8b5753"...#
#2026 05 10 06:47:15.631#Z#DEBUG#13edb48d-4c3c-11f1-ad7f-eeee0a8b5753.OPERATION#flowable-async-job-executor-thread-12731#
[CreateOrUpdateAppStep] Getting application "onboarding-backend-srv"...#
#2026 05 10 06:47:15.675#Z#INFO#13edb48d-4c3c-11f1-ad7f-eeee0a8b5753.OPERATION#flowable-async-job-executor-thread-12731#
[CreateOrUpdateAppStep] Updating application "onboarding-backend-srv"...#
#2026 05 10 06:47:15.683#Z#DEBUG#13edb48d-4c3c-11f1-ad7f-eeee0a8b5753.OPERATION#flowable-async-job-executor-thread-12731#
[CreateOrUpdateAppStep] Getting process for application "1e89e680-5b45-4777-b12c-11839bfec8fd"...#
#2026 05 10 06:47:15.714#Z#DEBUG#13edb48d-4c3c-11f1-ad7f-eeee0a8b5753.OPERATION#flowable-async-job-executor-thread-12731#
[CreateOrUpdateAppStep] Getting routes for application "1e89e680-5b45-4777-b12c-11839bfec8fd"...#
#2026 05 10 06:47:15.762#Z#DEBUG#13edb48d-4c3c-11f1-ad7f-eeee0a8b5753.OPERATION#flowable-async-job-executor-thread-12731#
[CreateOrUpdateAppStep] Getting features for application "1e89e680-5b45-4777-b12c-11839bfec8fd"#
#2026 05 10 06:47:15.787#Z#DEBUG#13edb48d-4c3c-11f1-ad7f-eeee0a8b5753.OPERATION#flowable-async-job-executor-thread-12731#
[CreateOrUpdateAppStep] Updating staging of application "onboarding-backend-srv" to: {
  "isReadinessHealthCheckEnabled" : true,
  "buildpacks" : [ ],
  "healthCheckType" : "port",
  "appFeatures" : { }
}#
#2026 05 10 06:47:16.001#Z#DEBUG#13edb48d-4c3c-11f1-ad7f-eeee0a8b5753.OPERATION#flowable-async-job-executor-thread-12731#
[CreateOrUpdateAppStep] Application "onboarding-backend-srv" updated#
#2026 05 10 06:47:16.001#Z#DEBUG#13edb48d-4c3c-11f1-ad7f-eeee0a8b5753.OPERATION#flowable-async-job-executor-thread-12731#
[CreateOrUpdateAppStep] Getting environment of application "1e89e680-5b45-4777-b12c-11839bfec8fd"...#
#2026 05 10 06:47:16.054#Z#DEBUG#13edb48d-4c3c-11f1-ad7f-eeee0a8b5753.OPERATION#flowable-async-job-executor-thread-12731#
[CreateOrUpdateAppStep] Application "onboarding-backend-srv" updated#
#2026 05 10 06:47:16.054#Z#DEBUG#13edb48d-4c3c-11f1-ad7f-eeee0a8b5753.OPERATION#flowable-async-job-executor-thread-12731#
Step "Create App" finished#
#2026 05 10 06:47:16.117#Z#DEBUG#13edb48d-4c3c-11f1-ad7f-eeee0a8b5753.OPERATION#flowable-async-job-executor-thread-12732#
[UploadAppStep] Executing task "uploadAppTask" of process "14b34ec6-4c3c-11f1-ad7f-eeee0a8b5753"...#
#2026 05 10 06:47:16.119#Z#DEBUG#13edb48d-4c3c-11f1-ad7f-eeee0a8b5753.OPERATION#flowable-async-job-executor-thread-12732#
[UploadAppStep] Application upload timeout is default one: 3,600 seconds#
#2026 05 10 06:47:16.119#Z#INFO#13edb48d-4c3c-11f1-ad7f-eeee0a8b5753.OPERATION#flowable-async-job-executor-thread-12732#
[UploadAppStep] Uploading application "onboarding-backend-srv"...#
#2026 05 10 06:47:16.127#Z#DEBUG#13edb48d-4c3c-11f1-ad7f-eeee0a8b5753.OPERATION#flowable-async-job-executor-thread-12732#
[UploadAppStep] Getting application "onboarding-backend-srv"...#
#2026 05 10 06:47:16.172#Z#DEBUG#13edb48d-4c3c-11f1-ad7f-eeee0a8b5753.OPERATION#flowable-async-job-executor-thread-12732#
[UploadAppStep] Getting environment of application "1e89e680-5b45-4777-b12c-11839bfec8fd"...#
#2026 05 10 06:47:16.207#Z#INFO#13edb48d-4c3c-11f1-ad7f-eeee0a8b5753.OPERATION#flowable-async-job-executor-thread-12732#
[UploadAppStep] Calculating application digest: "onboarding-backend-srv"#
#2026 05 10 06:47:16.348#Z#DEBUG#13edb48d-4c3c-11f1-ad7f-eeee0a8b5753.OPERATION#flowable-async-job-executor-thread-12732#
Step "Upload App" finished#
#2026 05 10 06:47:29.534#Z#DEBUG#13edb48d-4c3c-11f1-ad7f-eeee0a8b5753.OPERATION#flowable-async-job-executor-thread-35998#
[UploadAppStep] Executing task "uploadAppTask" of process "14b34ec6-4c3c-11f1-ad7f-eeee0a8b5753"...#
#2026 05 10 06:47:29.535#Z#DEBUG#13edb48d-4c3c-11f1-ad7f-eeee0a8b5753.OPERATION#flowable-async-job-executor-thread-35998#
[UploadAppStep] Application upload timeout is default one: 3,600 seconds#
#2026 05 10 06:47:29.594#Z#DEBUG#13edb48d-4c3c-11f1-ad7f-eeee0a8b5753.OPERATION#pool-21-thread-2#
[UploadAppStep] Upload of application: onboarding-backend-srv started on instance: 0#
#2026 05 10 06:47:29.594#Z#DEBUG#13edb48d-4c3c-11f1-ad7f-eeee0a8b5753.OPERATION#pool-21-thread-2#
[UploadAppStep] Uploading file "onboarding-backend-srv/data.zip" for application "onboarding-backend-srv"#
#2026 05 10 06:47:29.716#Z#INFO#13edb48d-4c3c-11f1-ad7f-eeee0a8b5753.OPERATION#pool-21-thread-2#
[UploadAppStep] Time elapsed for app binary download: 122 in millis#
#2026 05 10 06:47:29.716#Z#INFO#13edb48d-4c3c-11f1-ad7f-eeee0a8b5753.OPERATION#pool-21-thread-2#
[UploadAppStep] Size of app onboarding-backend-srv is 8,075,542 bytes#
#2026 05 10 06:47:29.716#Z#DEBUG#13edb48d-4c3c-11f1-ad7f-eeee0a8b5753.OPERATION#pool-21-thread-2#
[UploadAppStep] Asynchronously uploading binaries for application "onboarding-backend-srv"...#
#2026 05 10 06:47:29.976#Z#INFO#13edb48d-4c3c-11f1-ad7f-eeee0a8b5753.OPERATION#pool-21-thread-2#
[UploadAppStep] Started async upload of application "onboarding-backend-srv"#
#2026 05 10 06:47:29.980#Z#INFO#13edb48d-4c3c-11f1-ad7f-eeee0a8b5753.OPERATION#flowable-async-job-executor-thread-35998#
[UploadAppStep] Time elapsed for upload: 444 in millis#
#2026 05 10 06:47:29.980#Z#DEBUG#13edb48d-4c3c-11f1-ad7f-eeee0a8b5753.OPERATION#flowable-async-job-executor-thread-35998#
[UploadAppStep] Getting application "onboarding-backend-srv"...#
#2026 05 10 06:47:30.011#Z#DEBUG#13edb48d-4c3c-11f1-ad7f-eeee0a8b5753.OPERATION#App upload monitor: 2539530a-90c9-4105-b8cd-8228c2387a7d#
[UploadAppStep] Upload status: PROCESSING_UPLOAD#
#2026 05 10 06:47:30.016#Z#DEBUG#13edb48d-4c3c-11f1-ad7f-eeee0a8b5753.OPERATION#flowable-async-job-executor-thread-35998#
[UploadAppStep] Getting environment of application "1e89e680-5b45-4777-b12c-11839bfec8fd"...#
#2026 05 10 06:47:30.053#Z#DEBUG#13edb48d-4c3c-11f1-ad7f-eeee0a8b5753.OPERATION#flowable-async-job-executor-thread-35998#
[UploadAppStep] Updating environment of application "onboarding-backend-srv"#
#2026 05 10 06:47:30.130#Z#DEBUG#13edb48d-4c3c-11f1-ad7f-eeee0a8b5753.OPERATION#flowable-async-job-executor-thread-35998#
Step "Upload App" finished#
#2026 05 10 06:47:35.037#Z#DEBUG#13edb48d-4c3c-11f1-ad7f-eeee0a8b5753.OPERATION#App upload monitor: 2539530a-90c9-4105-b8cd-8228c2387a7d#
[UploadAppStep] Upload status: READY#
#2026 05 10 06:47:39.569#Z#DEBUG#13edb48d-4c3c-11f1-ad7f-eeee0a8b5753.OPERATION#flowable-async-job-executor-thread-36008#
[UploadAppStep] Executing task "uploadAppTask" of process "14b34ec6-4c3c-11f1-ad7f-eeee0a8b5753"...#
#2026 05 10 06:47:39.569#Z#DEBUG#13edb48d-4c3c-11f1-ad7f-eeee0a8b5753.OPERATION#flowable-async-job-executor-thread-36008#
[UploadAppStep] Application upload timeout is default one: 3,600 seconds#
#2026 05 10 06:47:39.569#Z#DEBUG#13edb48d-4c3c-11f1-ad7f-eeee0a8b5753.OPERATION#flowable-async-job-executor-thread-36008#
[UploadAppStep] Checking upload status of application "onboarding-backend-srv"...#
#2026 05 10 06:47:39.570#Z#DEBUG#13edb48d-4c3c-11f1-ad7f-eeee0a8b5753.OPERATION#flowable-async-job-executor-thread-36008#
[UploadAppStep] Getting package "2539530a-90c9-4105-b8cd-8228c2387a7d"...#
#2026 05 10 06:47:39.595#Z#DEBUG#13edb48d-4c3c-11f1-ad7f-eeee0a8b5753.OPERATION#flowable-async-job-executor-thread-36008#
[UploadAppStep] Application "onboarding-backend-srv" uploaded#
#2026 05 10 06:47:39.596#Z#DEBUG#13edb48d-4c3c-11f1-ad7f-eeee0a8b5753.OPERATION#flowable-async-job-executor-thread-36008#
Step "Upload App" finished#
#2026 05 10 06:47:39.620#Z#DEBUG#13edb48d-4c3c-11f1-ad7f-eeee0a8b5753.OPERATION#flowable-async-job-executor-thread-36011#
[ScaleAppStep] Executing task "scaleAppTask" of process "14b34ec6-4c3c-11f1-ad7f-eeee0a8b5753"...#
#2026 05 10 06:47:39.622#Z#DEBUG#13edb48d-4c3c-11f1-ad7f-eeee0a8b5753.OPERATION#flowable-async-job-executor-thread-36011#
[ScaleAppStep] Scaling application "onboarding-backend-srv"...#
#2026 05 10 06:47:39.622#Z#DEBUG#13edb48d-4c3c-11f1-ad7f-eeee0a8b5753.OPERATION#flowable-async-job-executor-thread-36011#
[ScaleAppStep] Getting application guid "onboarding-backend-srv"...#
#2026 05 10 06:47:39.659#Z#DEBUG#13edb48d-4c3c-11f1-ad7f-eeee0a8b5753.OPERATION#flowable-async-job-executor-thread-36011#
[ScaleAppStep] Getting process for application "1e89e680-5b45-4777-b12c-11839bfec8fd"...#
#2026 05 10 06:47:39.690#Z#DEBUG#13edb48d-4c3c-11f1-ad7f-eeee0a8b5753.OPERATION#flowable-async-job-executor-thread-36011#
[ScaleAppStep] Application "onboarding-backend-srv" scaled#
#2026 05 10 06:47:39.690#Z#DEBUG#13edb48d-4c3c-11f1-ad7f-eeee0a8b5753.OPERATION#flowable-async-job-executor-thread-36011#
Step "Scale App" finished#
#2026 05 10 06:47:39.712#Z#DEBUG#13edb48d-4c3c-11f1-ad7f-eeee0a8b5753.OPERATION#flowable-async-job-executor-thread-36012#
[DetermineDesiredStateAchievingActionsStep] Executing task "determineDesiredStateAchievingActionsTask" of process "14b34ec6-4c3c-11f1-ad7f-eeee0a8b5753"...#
#2026 05 10 06:47:39.713#Z#DEBUG#13edb48d-4c3c-11f1-ad7f-eeee0a8b5753.OPERATION#flowable-async-job-executor-thread-36012#
[DetermineDesiredStateAchievingActionsStep] Getting application "onboarding-backend-srv"...#
#2026 05 10 06:47:39.755#Z#DEBUG#13edb48d-4c3c-11f1-ad7f-eeee0a8b5753.OPERATION#flowable-async-job-executor-thread-36012#
[DetermineDesiredStateAchievingActionsStep] Getting instances for application "onboarding-backend-srv"...#
#2026 05 10 06:47:39.755#Z#DEBUG#13edb48d-4c3c-11f1-ad7f-eeee0a8b5753.OPERATION#flowable-async-job-executor-thread-36012#
[DetermineDesiredStateAchievingActionsStep] Getting environment of application "1e89e680-5b45-4777-b12c-11839bfec8fd"...#
#2026 05 10 06:47:39.789#Z#DEBUG#13edb48d-4c3c-11f1-ad7f-eeee0a8b5753.OPERATION#flowable-async-job-executor-thread-36012#
[DetermineDesiredStateAchievingActionsStep] Current state of application onboarding-backend-srv: STOPPED#
#2026 05 10 06:47:39.789#Z#DEBUG#13edb48d-4c3c-11f1-ad7f-eeee0a8b5753.OPERATION#flowable-async-job-executor-thread-36012#
[DetermineDesiredStateAchievingActionsStep] Desired state of application onboarding-backend-srv: STARTED#
#2026 05 10 06:47:39.789#Z#DEBUG#13edb48d-4c3c-11f1-ad7f-eeee0a8b5753.OPERATION#flowable-async-job-executor-thread-36012#
[DetermineDesiredStateAchievingActionsStep] Actions that should be executed on application onboarding-backend-srv: [STAGE, START]#
#2026 05 10 06:47:39.789#Z#DEBUG#13edb48d-4c3c-11f1-ad7f-eeee0a8b5753.OPERATION#flowable-async-job-executor-thread-36012#
Step "Determine Desired State Achieving Actions" finished#
#2026 05 10 06:47:39.815#Z#DEBUG#13edb48d-4c3c-11f1-ad7f-eeee0a8b5753.OPERATION#flowable-async-job-executor-thread-36013#
[StageAppStep] Executing task "stageAppTask" of process "14b34ec6-4c3c-11f1-ad7f-eeee0a8b5753"...#
#2026 05 10 06:47:39.815#Z#DEBUG#13edb48d-4c3c-11f1-ad7f-eeee0a8b5753.OPERATION#flowable-async-job-executor-thread-36013#
[StageAppStep] Application stage timeout is default one: 3,600 seconds#
#2026 05 10 06:47:39.817#Z#INFO#13edb48d-4c3c-11f1-ad7f-eeee0a8b5753.OPERATION#flowable-async-job-executor-thread-36013#
[StageAppStep] Staging application "onboarding-backend-srv"...#
#2026 05 10 06:47:39.822#Z#DEBUG#13edb48d-4c3c-11f1-ad7f-eeee0a8b5753.OPERATION#flowable-async-job-executor-thread-36013#
[StageAppStep] Creating build for package "2539530a-90c9-4105-b8cd-8228c2387a7d"...#
#2026 05 10 06:47:40.356#Z#DEBUG#13edb48d-4c3c-11f1-ad7f-eeee0a8b5753.OPERATION#flowable-async-job-executor-thread-36013#
Step "Stage App" finished#
#2026 05 10 06:47:49.599#Z#DEBUG#13edb48d-4c3c-11f1-ad7f-eeee0a8b5753.OPERATION#flowable-async-job-executor-thread-36017#
[StageAppStep] Executing task "stageAppTask" of process "14b34ec6-4c3c-11f1-ad7f-eeee0a8b5753"...#
#2026 05 10 06:47:49.599#Z#DEBUG#13edb48d-4c3c-11f1-ad7f-eeee0a8b5753.OPERATION#flowable-async-job-executor-thread-36017#
[StageAppStep] Application stage timeout is default one: 3,600 seconds#
#2026 05 10 06:47:49.600#Z#DEBUG#13edb48d-4c3c-11f1-ad7f-eeee0a8b5753.OPERATION#flowable-async-job-executor-thread-36017#
[StageAppStep] Checking status of application "onboarding-backend-srv"...#
#2026 05 10 06:47:49.600#Z#DEBUG#13edb48d-4c3c-11f1-ad7f-eeee0a8b5753.OPERATION#flowable-async-job-executor-thread-36017#
[StageAppStep] Getting build "7c596882-5357-4e63-96b7-ead0d0122426"...#
#2026 05 10 06:47:49.630#Z#DEBUG#13edb48d-4c3c-11f1-ad7f-eeee0a8b5753.OPERATION#flowable-async-job-executor-thread-36017#
[StageAppStep] Staging status of application "onboarding-backend-srv": PENDING#
#2026 05 10 06:47:49.631#Z#DEBUG#13edb48d-4c3c-11f1-ad7f-eeee0a8b5753.OPERATION#flowable-async-job-executor-thread-36017#
[StageAppStep] Getting application guid "onboarding-backend-srv"...#
#2026 05 10 06:47:49.743#Z#DEBUG#13edb48d-4c3c-11f1-ad7f-eeee0a8b5753.OPERATION#flowable-async-job-executor-thread-36017#
Step "Stage App" finished#
#2026 05 10 06:47:59.627#Z#DEBUG#13edb48d-4c3c-11f1-ad7f-eeee0a8b5753.OPERATION#flowable-async-job-executor-thread-36025#
[StageAppStep] Executing task "stageAppTask" of process "14b34ec6-4c3c-11f1-ad7f-eeee0a8b5753"...#
#2026 05 10 06:47:59.628#Z#DEBUG#13edb48d-4c3c-11f1-ad7f-eeee0a8b5753.OPERATION#flowable-async-job-executor-thread-36025#
[StageAppStep] Application stage timeout is default one: 3,600 seconds#
#2026 05 10 06:47:59.628#Z#DEBUG#13edb48d-4c3c-11f1-ad7f-eeee0a8b5753.OPERATION#flowable-async-job-executor-thread-36025#
[StageAppStep] Checking status of application "onboarding-backend-srv"...#
#2026 05 10 06:47:59.628#Z#DEBUG#13edb48d-4c3c-11f1-ad7f-eeee0a8b5753.OPERATION#flowable-async-job-executor-thread-36025#
[StageAppStep] Getting build "7c596882-5357-4e63-96b7-ead0d0122426"...#
#2026 05 10 06:47:59.662#Z#DEBUG#13edb48d-4c3c-11f1-ad7f-eeee0a8b5753.OPERATION#flowable-async-job-executor-thread-36025#
[StageAppStep] Staging status of application "onboarding-backend-srv": PENDING#
#2026 05 10 06:47:59.663#Z#DEBUG#13edb48d-4c3c-11f1-ad7f-eeee0a8b5753.OPERATION#flowable-async-job-executor-thread-36025#
[StageAppStep] Getting application guid "onboarding-backend-srv"...#
#2026 05 10 06:47:59.759#Z#DEBUG#13edb48d-4c3c-11f1-ad7f-eeee0a8b5753.OPERATION#flowable-async-job-executor-thread-36025#
Step "Stage App" finished#
#2026 05 10 06:48:09.647#Z#DEBUG#13edb48d-4c3c-11f1-ad7f-eeee0a8b5753.OPERATION#flowable-async-job-executor-thread-36031#
[StageAppStep] Executing task "stageAppTask" of process "14b34ec6-4c3c-11f1-ad7f-eeee0a8b5753"...#
#2026 05 10 06:48:09.647#Z#DEBUG#13edb48d-4c3c-11f1-ad7f-eeee0a8b5753.OPERATION#flowable-async-job-executor-thread-36031#
[StageAppStep] Application stage timeout is default one: 3,600 seconds#
#2026 05 10 06:48:09.648#Z#DEBUG#13edb48d-4c3c-11f1-ad7f-eeee0a8b5753.OPERATION#flowable-async-job-executor-thread-36031#
[StageAppStep] Checking status of application "onboarding-backend-srv"...#
#2026 05 10 06:48:09.648#Z#DEBUG#13edb48d-4c3c-11f1-ad7f-eeee0a8b5753.OPERATION#flowable-async-job-executor-thread-36031#
[StageAppStep] Getting build "7c596882-5357-4e63-96b7-ead0d0122426"...#
#2026 05 10 06:48:09.681#Z#DEBUG#13edb48d-4c3c-11f1-ad7f-eeee0a8b5753.OPERATION#flowable-async-job-executor-thread-36031#
[StageAppStep] Staging status of application "onboarding-backend-srv": PENDING#
#2026 05 10 06:48:09.682#Z#DEBUG#13edb48d-4c3c-11f1-ad7f-eeee0a8b5753.OPERATION#flowable-async-job-executor-thread-36031#
[StageAppStep] Getting application guid "onboarding-backend-srv"...#
#2026 05 10 06:48:09.771#Z#DEBUG#13edb48d-4c3c-11f1-ad7f-eeee0a8b5753.OPERATION#flowable-async-job-executor-thread-36031#
Step "Stage App" finished#
#2026 05 10 06:48:19.683#Z#DEBUG#13edb48d-4c3c-11f1-ad7f-eeee0a8b5753.OPERATION#flowable-async-job-executor-thread-12750#
[StageAppStep] Executing task "stageAppTask" of process "14b34ec6-4c3c-11f1-ad7f-eeee0a8b5753"...#
#2026 05 10 06:48:19.685#Z#DEBUG#13edb48d-4c3c-11f1-ad7f-eeee0a8b5753.OPERATION#flowable-async-job-executor-thread-12750#
[StageAppStep] Application stage timeout is default one: 3,600 seconds#
#2026 05 10 06:48:19.686#Z#DEBUG#13edb48d-4c3c-11f1-ad7f-eeee0a8b5753.OPERATION#flowable-async-job-executor-thread-12750#
[StageAppStep] Checking status of application "onboarding-backend-srv"...#
#2026 05 10 06:48:19.686#Z#DEBUG#13edb48d-4c3c-11f1-ad7f-eeee0a8b5753.OPERATION#flowable-async-job-executor-thread-12750#
[StageAppStep] Getting build "7c596882-5357-4e63-96b7-ead0d0122426"...#
#2026 05 10 06:48:19.719#Z#DEBUG#13edb48d-4c3c-11f1-ad7f-eeee0a8b5753.OPERATION#flowable-async-job-executor-thread-12750#
[StageAppStep] Staging status of application "onboarding-backend-srv": FAILED#
#2026 05 10 06:48:19.722#Z#DEBUG#13edb48d-4c3c-11f1-ad7f-eeee0a8b5753.OPERATION#flowable-async-job-executor-thread-12750#
[StageAppStep] Getting application guid "onboarding-backend-srv"...#
#2026 05 10 06:48:19.798#Z#ERROR#13edb48d-4c3c-11f1-ad7f-eeee0a8b5753.OPERATION#flowable-async-job-executor-thread-12750#
[StageAppStep] Error staging application "onboarding-backend-srv": BuildpackCompileFailed - App staging failed in the buildpack compile phase
Download the application logs via the dmol command and check them for more information.#
#2026 05 10 06:48:19.806#Z#ERROR#13edb48d-4c3c-11f1-ad7f-eeee0a8b5753.OPERATION#flowable-async-job-executor-thread-12750#
Exception caught#
org.cloudfoundry.multiapps.common.SLException: A step of the process has failed. Retrying it may solve the issue.
	at org.cloudfoundry.multiapps.controller.process.steps.SyncFlowableStep.executeInternal(SyncFlowableStep.java:83)
	at org.cloudfoundry.multiapps.controller.process.steps.SyncFlowableStep.lambda$execute$0(SyncFlowableStep.java:71)
	at org.cloudfoundry.multiapps.controller.core.util.LoggingUtil.logWithCorrelationId(LoggingUtil.java:14)
	at org.cloudfoundry.multiapps.controller.process.steps.SyncFlowableStep.execute(SyncFlowableStep.java:71)
	at org.flowable.engine.impl.delegate.invocation.JavaDelegateInvocation.invoke(JavaDelegateInvocation.java:35)
	at org.flowable.engine.impl.delegate.invocation.DelegateInvocation.proceed(DelegateInvocation.java:32)
	at org.flowable.engine.impl.delegate.invocation.DefaultDelegateInterceptor.handleInvocation(DefaultDelegateInterceptor.java:26)
	at org.flowable.engine.impl.bpmn.behavior.ServiceTaskDelegateExpressionActivityBehavior.execute(ServiceTaskDelegateExpressionActivityBehavior.java:177)
	at org.flowable.engine.impl.agenda.ContinueProcessOperation.executeActivityBehavior(ContinueProcessOperation.java:298)
	at org.flowable.engine.impl.agenda.ContinueProcessOperation.executeSynchronous(ContinueProcessOperation.java:175)
	at org.flowable.engine.impl.agenda.ContinueProcessOperation.continueThroughFlowNode(ContinueProcessOperation.java:125)
	at org.flowable.engine.impl.agenda.ContinueProcessOperation.run(ContinueProcessOperation.java:88)
	at org.flowable.common.engine.impl.AbstractEngineConfiguration.lambda$new$0(AbstractEngineConfiguration.java:198)
	at org.flowable.engine.impl.interceptor.CommandInvoker.executeOperation(CommandInvoker.java:189)
	at org.flowable.engine.impl.interceptor.CommandInvoker.executeOperations(CommandInvoker.java:128)
	at org.flowable.engine.impl.interceptor.CommandInvoker.execute(CommandInvoker.java:80)
	at org.flowable.engine.impl.interceptor.BpmnOverrideContextInterceptor.execute(BpmnOverrideContextInterceptor.java:26)
	at org.flowable.common.engine.impl.interceptor.TransactionContextInterceptor.execute(TransactionContextInterceptor.java:53)
	at org.flowable.common.engine.impl.interceptor.CommandContextInterceptor.execute(CommandContextInterceptor.java:105)
	at org.flowable.common.spring.SpringTransactionInterceptor.lambda$execute$0(SpringTransactionInterceptor.java:57)
	at org.springframework.transaction.support.TransactionTemplate.execute(TransactionTemplate.java:140)
	at org.flowable.common.spring.SpringTransactionInterceptor.execute(SpringTransactionInterceptor.java:57)
	at org.flowable.common.engine.impl.interceptor.LogInterceptor.execute(LogInterceptor.java:30)
	at org.flowable.common.engine.impl.cfg.CommandExecutorImpl.execute(CommandExecutorImpl.java:56)
	at org.flowable.common.engine.impl.cfg.CommandExecutorImpl.execute(CommandExecutorImpl.java:51)
	at org.flowable.job.service.impl.asyncexecutor.ExecuteAsyncRunnable.handleTransactionalJob(ExecuteAsyncRunnable.java:177)
	at org.flowable.job.service.impl.asyncexecutor.ExecuteAsyncRunnable.executeJob(ExecuteAsyncRunnable.java:146)
	at org.flowable.job.service.impl.asyncexecutor.ExecuteAsyncRunnable.runInternally(ExecuteAsyncRunnable.java:122)
	at org.flowable.job.service.impl.asyncexecutor.ExecuteAsyncRunnable.run(ExecuteAsyncRunnable.java:96)
	at java.base/java.util.concurrent.ThreadPoolExecutor.runWorker(ThreadPoolExecutor.java:1090)
	at java.base/java.util.concurrent.ThreadPoolExecutor$Worker.run(ThreadPoolExecutor.java:614)
	at java.base/java.lang.Thread.run(Thread.java:1474)
#2026 05 10 06:48:19.814#Z#DEBUG#13edb48d-4c3c-11f1-ad7f-eeee0a8b5753.OPERATION#flowable-async-job-executor-thread-12750#
Step "Stage App" finished#
#2026 05 10 06:48:20.649#Z#DEBUG#13edb48d-4c3c-11f1-ad7f-eeee0a8b5753.OPERATION#flowable-async-job-executor-thread-12751#
[StageAppStep] Executing task "stageAppTask" of process "14b34ec6-4c3c-11f1-ad7f-eeee0a8b5753"...#
#2026 05 10 06:48:20.650#Z#DEBUG#13edb48d-4c3c-11f1-ad7f-eeee0a8b5753.OPERATION#flowable-async-job-executor-thread-12751#
[StageAppStep] Application stage timeout is default one: 3,600 seconds#
#2026 05 10 06:48:20.713#Z#INFO#13edb48d-4c3c-11f1-ad7f-eeee0a8b5753.OPERATION#flowable-async-job-executor-thread-12751#
[StageAppStep] Staging application "onboarding-backend-srv"...#
#2026 05 10 06:48:20.719#Z#DEBUG#13edb48d-4c3c-11f1-ad7f-eeee0a8b5753.OPERATION#flowable-async-job-executor-thread-12751#
[StageAppStep] Creating build for package "2539530a-90c9-4105-b8cd-8228c2387a7d"...#
#2026 05 10 06:48:21.199#Z#DEBUG#13edb48d-4c3c-11f1-ad7f-eeee0a8b5753.OPERATION#flowable-async-job-executor-thread-12751#
Step "Stage App" finished#
#2026 05 10 06:48:29.686#Z#DEBUG#13edb48d-4c3c-11f1-ad7f-eeee0a8b5753.OPERATION#flowable-async-job-executor-thread-36045#
[StageAppStep] Executing task "stageAppTask" of process "14b34ec6-4c3c-11f1-ad7f-eeee0a8b5753"...#
#2026 05 10 06:48:29.687#Z#DEBUG#13edb48d-4c3c-11f1-ad7f-eeee0a8b5753.OPERATION#flowable-async-job-executor-thread-36045#
[StageAppStep] Application stage timeout is default one: 3,600 seconds#
#2026 05 10 06:48:29.688#Z#DEBUG#13edb48d-4c3c-11f1-ad7f-eeee0a8b5753.OPERATION#flowable-async-job-executor-thread-36045#
[StageAppStep] Checking status of application "onboarding-backend-srv"...#
#2026 05 10 06:48:29.688#Z#DEBUG#13edb48d-4c3c-11f1-ad7f-eeee0a8b5753.OPERATION#flowable-async-job-executor-thread-36045#
[StageAppStep] Getting build "7259c87d-c1f8-4526-86a6-235d1829f9a8"...#
#2026 05 10 06:48:29.719#Z#DEBUG#13edb48d-4c3c-11f1-ad7f-eeee0a8b5753.OPERATION#flowable-async-job-executor-thread-36045#
[StageAppStep] Staging status of application "onboarding-backend-srv": PENDING#
#2026 05 10 06:48:29.720#Z#DEBUG#13edb48d-4c3c-11f1-ad7f-eeee0a8b5753.OPERATION#flowable-async-job-executor-thread-36045#
[StageAppStep] Getting application guid "onboarding-backend-srv"...#
#2026 05 10 06:48:29.818#Z#DEBUG#13edb48d-4c3c-11f1-ad7f-eeee0a8b5753.OPERATION#flowable-async-job-executor-thread-36045#
Step "Stage App" finished#
#2026 05 10 06:48:39.701#Z#DEBUG#13edb48d-4c3c-11f1-ad7f-eeee0a8b5753.OPERATION#flowable-async-job-executor-thread-36050#
[StageAppStep] Executing task "stageAppTask" of process "14b34ec6-4c3c-11f1-ad7f-eeee0a8b5753"...#
#2026 05 10 06:48:39.702#Z#DEBUG#13edb48d-4c3c-11f1-ad7f-eeee0a8b5753.OPERATION#flowable-async-job-executor-thread-36050#
[StageAppStep] Application stage timeout is default one: 3,600 seconds#
#2026 05 10 06:48:39.703#Z#DEBUG#13edb48d-4c3c-11f1-ad7f-eeee0a8b5753.OPERATION#flowable-async-job-executor-thread-36050#
[StageAppStep] Checking status of application "onboarding-backend-srv"...#
#2026 05 10 06:48:39.703#Z#DEBUG#13edb48d-4c3c-11f1-ad7f-eeee0a8b5753.OPERATION#flowable-async-job-executor-thread-36050#
[StageAppStep] Getting build "7259c87d-c1f8-4526-86a6-235d1829f9a8"...#
#2026 05 10 06:48:39.734#Z#DEBUG#13edb48d-4c3c-11f1-ad7f-eeee0a8b5753.OPERATION#flowable-async-job-executor-thread-36050#
[StageAppStep] Staging status of application "onboarding-backend-srv": FAILED#
#2026 05 10 06:48:39.735#Z#DEBUG#13edb48d-4c3c-11f1-ad7f-eeee0a8b5753.OPERATION#flowable-async-job-executor-thread-36050#
[StageAppStep] Getting application guid "onboarding-backend-srv"...#
#2026 05 10 06:48:39.833#Z#ERROR#13edb48d-4c3c-11f1-ad7f-eeee0a8b5753.OPERATION#flowable-async-job-executor-thread-36050#
[StageAppStep] Error staging application "onboarding-backend-srv": BuildpackCompileFailed - App staging failed in the buildpack compile phase
Download the application logs via the dmol command and check them for more information.#
#2026 05 10 06:48:39.837#Z#ERROR#13edb48d-4c3c-11f1-ad7f-eeee0a8b5753.OPERATION#flowable-async-job-executor-thread-36050#
Exception caught#
org.cloudfoundry.multiapps.common.SLException: A step of the process has failed. Retrying it may solve the issue.
	at org.cloudfoundry.multiapps.controller.process.steps.SyncFlowableStep.executeInternal(SyncFlowableStep.java:83)
	at org.cloudfoundry.multiapps.controller.process.steps.SyncFlowableStep.lambda$execute$0(SyncFlowableStep.java:71)
	at org.cloudfoundry.multiapps.controller.core.util.LoggingUtil.logWithCorrelationId(LoggingUtil.java:14)
	at org.cloudfoundry.multiapps.controller.process.steps.SyncFlowableStep.execute(SyncFlowableStep.java:71)
	at org.flowable.engine.impl.delegate.invocation.JavaDelegateInvocation.invoke(JavaDelegateInvocation.java:35)
	at org.flowable.engine.impl.delegate.invocation.DelegateInvocation.proceed(DelegateInvocation.java:32)
	at org.flowable.engine.impl.delegate.invocation.DefaultDelegateInterceptor.handleInvocation(DefaultDelegateInterceptor.java:26)
	at org.flowable.engine.impl.bpmn.behavior.ServiceTaskDelegateExpressionActivityBehavior.execute(ServiceTaskDelegateExpressionActivityBehavior.java:177)
	at org.flowable.engine.impl.agenda.ContinueProcessOperation.executeActivityBehavior(ContinueProcessOperation.java:298)
	at org.flowable.engine.impl.agenda.ContinueProcessOperation.executeSynchronous(ContinueProcessOperation.java:175)
	at org.flowable.engine.impl.agenda.ContinueProcessOperation.continueThroughFlowNode(ContinueProcessOperation.java:125)
	at org.flowable.engine.impl.agenda.ContinueProcessOperation.run(ContinueProcessOperation.java:88)
	at org.flowable.common.engine.impl.AbstractEngineConfiguration.lambda$new$0(AbstractEngineConfiguration.java:198)
	at org.flowable.engine.impl.interceptor.CommandInvoker.executeOperation(CommandInvoker.java:189)
	at org.flowable.engine.impl.interceptor.CommandInvoker.executeOperations(CommandInvoker.java:128)
	at org.flowable.engine.impl.interceptor.CommandInvoker.execute(CommandInvoker.java:80)
	at org.flowable.engine.impl.interceptor.BpmnOverrideContextInterceptor.execute(BpmnOverrideContextInterceptor.java:26)
	at org.flowable.common.engine.impl.interceptor.TransactionContextInterceptor.execute(TransactionContextInterceptor.java:53)
	at org.flowable.common.engine.impl.interceptor.CommandContextInterceptor.execute(CommandContextInterceptor.java:105)
	at org.flowable.common.spring.SpringTransactionInterceptor.lambda$execute$0(SpringTransactionInterceptor.java:57)
	at org.springframework.transaction.support.TransactionTemplate.execute(TransactionTemplate.java:140)
	at org.flowable.common.spring.SpringTransactionInterceptor.execute(SpringTransactionInterceptor.java:57)
	at org.flowable.common.engine.impl.interceptor.LogInterceptor.execute(LogInterceptor.java:30)
	at org.flowable.common.engine.impl.cfg.CommandExecutorImpl.execute(CommandExecutorImpl.java:56)
	at org.flowable.common.engine.impl.cfg.CommandExecutorImpl.execute(CommandExecutorImpl.java:51)
	at org.flowable.job.service.impl.asyncexecutor.ExecuteAsyncRunnable.handleTransactionalJob(ExecuteAsyncRunnable.java:177)
	at org.flowable.job.service.impl.asyncexecutor.ExecuteAsyncRunnable.executeJob(ExecuteAsyncRunnable.java:146)
	at org.flowable.job.service.impl.asyncexecutor.ExecuteAsyncRunnable.runInternally(ExecuteAsyncRunnable.java:122)
	at org.flowable.job.service.impl.asyncexecutor.ExecuteAsyncRunnable.run(ExecuteAsyncRunnable.java:96)
	at java.base/java.util.concurrent.ThreadPoolExecutor.runWorker(ThreadPoolExecutor.java:1090)
	at java.base/java.util.concurrent.ThreadPoolExecutor$Worker.run(ThreadPoolExecutor.java:614)
	at java.base/java.lang.Thread.run(Thread.java:1474)
#2026 05 10 06:48:39.842#Z#DEBUG#13edb48d-4c3c-11f1-ad7f-eeee0a8b5753.OPERATION#flowable-async-job-executor-thread-36050#
Step "Stage App" finished#
#2026 05 10 06:48:41.982#Z#DEBUG#13edb48d-4c3c-11f1-ad7f-eeee0a8b5753.OPERATION#flowable-async-job-executor-thread-12758#
[StageAppStep] Executing task "stageAppTask" of process "14b34ec6-4c3c-11f1-ad7f-eeee0a8b5753"...#
#2026 05 10 06:48:41.983#Z#DEBUG#13edb48d-4c3c-11f1-ad7f-eeee0a8b5753.OPERATION#flowable-async-job-executor-thread-12758#
[StageAppStep] Application stage timeout is default one: 3,600 seconds#
#2026 05 10 06:48:41.986#Z#INFO#13edb48d-4c3c-11f1-ad7f-eeee0a8b5753.OPERATION#flowable-async-job-executor-thread-12758#
[StageAppStep] Staging application "onboarding-backend-srv"...#
#2026 05 10 06:48:41.991#Z#DEBUG#13edb48d-4c3c-11f1-ad7f-eeee0a8b5753.OPERATION#flowable-async-job-executor-thread-12758#
[StageAppStep] Creating build for package "2539530a-90c9-4105-b8cd-8228c2387a7d"...#
#2026 05 10 06:48:42.848#Z#DEBUG#13edb48d-4c3c-11f1-ad7f-eeee0a8b5753.OPERATION#flowable-async-job-executor-thread-12758#
Step "Stage App" finished#
#2026 05 10 06:48:49.725#Z#DEBUG#13edb48d-4c3c-11f1-ad7f-eeee0a8b5753.OPERATION#flowable-async-job-executor-thread-36055#
[StageAppStep] Executing task "stageAppTask" of process "14b34ec6-4c3c-11f1-ad7f-eeee0a8b5753"...#
#2026 05 10 06:48:49.725#Z#DEBUG#13edb48d-4c3c-11f1-ad7f-eeee0a8b5753.OPERATION#flowable-async-job-executor-thread-36055#
[StageAppStep] Application stage timeout is default one: 3,600 seconds#
#2026 05 10 06:48:49.797#Z#DEBUG#13edb48d-4c3c-11f1-ad7f-eeee0a8b5753.OPERATION#flowable-async-job-executor-thread-36055#
[StageAppStep] Checking status of application "onboarding-backend-srv"...#
#2026 05 10 06:48:49.797#Z#DEBUG#13edb48d-4c3c-11f1-ad7f-eeee0a8b5753.OPERATION#flowable-async-job-executor-thread-36055#
[StageAppStep] Getting build "9a6a0632-cfaf-4421-8363-a32e60444b29"...#
#2026 05 10 06:48:49.843#Z#DEBUG#13edb48d-4c3c-11f1-ad7f-eeee0a8b5753.OPERATION#flowable-async-job-executor-thread-36055#
[StageAppStep] Staging status of application "onboarding-backend-srv": PENDING#
#2026 05 10 06:48:49.844#Z#DEBUG#13edb48d-4c3c-11f1-ad7f-eeee0a8b5753.OPERATION#flowable-async-job-executor-thread-36055#
[StageAppStep] Getting application guid "onboarding-backend-srv"...#
#2026 05 10 06:48:49.919#Z#DEBUG#13edb48d-4c3c-11f1-ad7f-eeee0a8b5753.OPERATION#flowable-async-job-executor-thread-36055#
Step "Stage App" finished#
#2026 05 10 06:48:59.787#Z#DEBUG#13edb48d-4c3c-11f1-ad7f-eeee0a8b5753.OPERATION#flowable-async-job-executor-thread-13588#
[StageAppStep] Executing task "stageAppTask" of process "14b34ec6-4c3c-11f1-ad7f-eeee0a8b5753"...#
#2026 05 10 06:48:59.788#Z#DEBUG#13edb48d-4c3c-11f1-ad7f-eeee0a8b5753.OPERATION#flowable-async-job-executor-thread-13588#
[StageAppStep] Application stage timeout is default one: 3,600 seconds#
#2026 05 10 06:48:59.872#Z#DEBUG#13edb48d-4c3c-11f1-ad7f-eeee0a8b5753.OPERATION#flowable-async-job-executor-thread-13588#
[StageAppStep] Checking status of application "onboarding-backend-srv"...#
#2026 05 10 06:48:59.872#Z#DEBUG#13edb48d-4c3c-11f1-ad7f-eeee0a8b5753.OPERATION#flowable-async-job-executor-thread-13588#
[StageAppStep] Getting build "9a6a0632-cfaf-4421-8363-a32e60444b29"...#
#2026 05 10 06:48:59.922#Z#DEBUG#13edb48d-4c3c-11f1-ad7f-eeee0a8b5753.OPERATION#flowable-async-job-executor-thread-13588#
[StageAppStep] Staging status of application "onboarding-backend-srv": FAILED#
#2026 05 10 06:48:59.923#Z#DEBUG#13edb48d-4c3c-11f1-ad7f-eeee0a8b5753.OPERATION#flowable-async-job-executor-thread-13588#
[StageAppStep] Getting application guid "onboarding-backend-srv"...#
#2026 05 10 06:49:00.043#Z#ERROR#13edb48d-4c3c-11f1-ad7f-eeee0a8b5753.OPERATION#flowable-async-job-executor-thread-13588#
[StageAppStep] Error staging application "onboarding-backend-srv": BuildpackCompileFailed - App staging failed in the buildpack compile phase
Download the application logs via the dmol command and check them for more information.#
#2026 05 10 06:49:00.054#Z#ERROR#13edb48d-4c3c-11f1-ad7f-eeee0a8b5753.OPERATION#flowable-async-job-executor-thread-13588#
Exception caught#
org.cloudfoundry.multiapps.common.SLException: A step of the process has failed. Retrying it may solve the issue.
	at org.cloudfoundry.multiapps.controller.process.steps.SyncFlowableStep.executeInternal(SyncFlowableStep.java:83)
	at org.cloudfoundry.multiapps.controller.process.steps.SyncFlowableStep.lambda$execute$0(SyncFlowableStep.java:71)
	at org.cloudfoundry.multiapps.controller.core.util.LoggingUtil.logWithCorrelationId(LoggingUtil.java:14)
	at org.cloudfoundry.multiapps.controller.process.steps.SyncFlowableStep.execute(SyncFlowableStep.java:71)
	at org.flowable.engine.impl.delegate.invocation.JavaDelegateInvocation.invoke(JavaDelegateInvocation.java:35)
	at org.flowable.engine.impl.delegate.invocation.DelegateInvocation.proceed(DelegateInvocation.java:32)
	at org.flowable.engine.impl.delegate.invocation.DefaultDelegateInterceptor.handleInvocation(DefaultDelegateInterceptor.java:26)
	at org.flowable.engine.impl.bpmn.behavior.ServiceTaskDelegateExpressionActivityBehavior.execute(ServiceTaskDelegateExpressionActivityBehavior.java:177)
	at org.flowable.engine.impl.agenda.ContinueProcessOperation.executeActivityBehavior(ContinueProcessOperation.java:298)
	at org.flowable.engine.impl.agenda.ContinueProcessOperation.executeSynchronous(ContinueProcessOperation.java:175)
	at org.flowable.engine.impl.agenda.ContinueProcessOperation.continueThroughFlowNode(ContinueProcessOperation.java:125)
	at org.flowable.engine.impl.agenda.ContinueProcessOperation.run(ContinueProcessOperation.java:88)
	at org.flowable.common.engine.impl.AbstractEngineConfiguration.lambda$new$0(AbstractEngineConfiguration.java:198)
	at org.flowable.engine.impl.interceptor.CommandInvoker.executeOperation(CommandInvoker.java:189)
	at org.flowable.engine.impl.interceptor.CommandInvoker.executeOperations(CommandInvoker.java:128)
	at org.flowable.engine.impl.interceptor.CommandInvoker.execute(CommandInvoker.java:80)
	at org.flowable.engine.impl.interceptor.BpmnOverrideContextInterceptor.execute(BpmnOverrideContextInterceptor.java:26)
	at org.flowable.common.engine.impl.interceptor.TransactionContextInterceptor.execute(TransactionContextInterceptor.java:53)
	at org.flowable.common.engine.impl.interceptor.CommandContextInterceptor.execute(CommandContextInterceptor.java:105)
	at org.flowable.common.spring.SpringTransactionInterceptor.lambda$execute$0(SpringTransactionInterceptor.java:57)
	at org.springframework.transaction.support.TransactionTemplate.execute(TransactionTemplate.java:140)
	at org.flowable.common.spring.SpringTransactionInterceptor.execute(SpringTransactionInterceptor.java:57)
	at org.flowable.common.engine.impl.interceptor.LogInterceptor.execute(LogInterceptor.java:30)
	at org.flowable.common.engine.impl.cfg.CommandExecutorImpl.execute(CommandExecutorImpl.java:56)
	at org.flowable.common.engine.impl.cfg.CommandExecutorImpl.execute(CommandExecutorImpl.java:51)
	at org.flowable.job.service.impl.asyncexecutor.ExecuteAsyncRunnable.handleTransactionalJob(ExecuteAsyncRunnable.java:177)
	at org.flowable.job.service.impl.asyncexecutor.ExecuteAsyncRunnable.executeJob(ExecuteAsyncRunnable.java:146)
	at org.flowable.job.service.impl.asyncexecutor.ExecuteAsyncRunnable.runInternally(ExecuteAsyncRunnable.java:122)
	at org.flowable.job.service.impl.asyncexecutor.ExecuteAsyncRunnable.run(ExecuteAsyncRunnable.java:96)
	at java.base/java.util.concurrent.ThreadPoolExecutor.runWorker(ThreadPoolExecutor.java:1090)
	at java.base/java.util.concurrent.ThreadPoolExecutor$Worker.run(ThreadPoolExecutor.java:614)
	at java.base/java.lang.Thread.run(Thread.java:1474)
#2026 05 10 06:49:00.063#Z#DEBUG#13edb48d-4c3c-11f1-ad7f-eeee0a8b5753.OPERATION#flowable-async-job-executor-thread-13588#
Step "Stage App" finished#
#2026 05 10 06:49:03.210#Z#DEBUG#13edb48d-4c3c-11f1-ad7f-eeee0a8b5753.OPERATION#flowable-async-job-executor-thread-36060#
[StageAppStep] Executing task "stageAppTask" of process "14b34ec6-4c3c-11f1-ad7f-eeee0a8b5753"...#
#2026 05 10 06:49:03.211#Z#DEBUG#13edb48d-4c3c-11f1-ad7f-eeee0a8b5753.OPERATION#flowable-async-job-executor-thread-36060#
[StageAppStep] Application stage timeout is default one: 3,600 seconds#
#2026 05 10 06:49:03.212#Z#INFO#13edb48d-4c3c-11f1-ad7f-eeee0a8b5753.OPERATION#flowable-async-job-executor-thread-36060#
[StageAppStep] Staging application "onboarding-backend-srv"...#
#2026 05 10 06:49:03.216#Z#DEBUG#13edb48d-4c3c-11f1-ad7f-eeee0a8b5753.OPERATION#flowable-async-job-executor-thread-36060#
[StageAppStep] Creating build for package "2539530a-90c9-4105-b8cd-8228c2387a7d"...#
#2026 05 10 06:49:03.772#Z#DEBUG#13edb48d-4c3c-11f1-ad7f-eeee0a8b5753.OPERATION#flowable-async-job-executor-thread-36060#
Step "Stage App" finished#
#2026 05 10 06:49:09.765#Z#DEBUG#13edb48d-4c3c-11f1-ad7f-eeee0a8b5753.OPERATION#flowable-async-job-executor-thread-36064#
[StageAppStep] Executing task "stageAppTask" of process "14b34ec6-4c3c-11f1-ad7f-eeee0a8b5753"...#
#2026 05 10 06:49:09.766#Z#DEBUG#13edb48d-4c3c-11f1-ad7f-eeee0a8b5753.OPERATION#flowable-async-job-executor-thread-36064#
[StageAppStep] Application stage timeout is default one: 3,600 seconds#
#2026 05 10 06:49:09.766#Z#DEBUG#13edb48d-4c3c-11f1-ad7f-eeee0a8b5753.OPERATION#flowable-async-job-executor-thread-36064#
[StageAppStep] Checking status of application "onboarding-backend-srv"...#
#2026 05 10 06:49:09.766#Z#DEBUG#13edb48d-4c3c-11f1-ad7f-eeee0a8b5753.OPERATION#flowable-async-job-executor-thread-36064#
[StageAppStep] Getting build "ddb9aa32-d669-42f0-a900-6ade6cbfe467"...#
#2026 05 10 06:49:09.798#Z#DEBUG#13edb48d-4c3c-11f1-ad7f-eeee0a8b5753.OPERATION#flowable-async-job-executor-thread-36064#
[StageAppStep] Staging status of application "onboarding-backend-srv": PENDING#
#2026 05 10 06:49:09.799#Z#DEBUG#13edb48d-4c3c-11f1-ad7f-eeee0a8b5753.OPERATION#flowable-async-job-executor-thread-36064#
[StageAppStep] Getting application guid "onboarding-backend-srv"...#
#2026 05 10 06:49:09.907#Z#DEBUG#13edb48d-4c3c-11f1-ad7f-eeee0a8b5753.OPERATION#flowable-async-job-executor-thread-36064#
Step "Stage App" finished#
#2026 05 10 06:49:19.787#Z#DEBUG#13edb48d-4c3c-11f1-ad7f-eeee0a8b5753.OPERATION#flowable-async-job-executor-thread-36069#
[StageAppStep] Executing task "stageAppTask" of process "14b34ec6-4c3c-11f1-ad7f-eeee0a8b5753"...#
#2026 05 10 06:49:19.788#Z#DEBUG#13edb48d-4c3c-11f1-ad7f-eeee0a8b5753.OPERATION#flowable-async-job-executor-thread-36069#
[StageAppStep] Application stage timeout is default one: 3,600 seconds#
#2026 05 10 06:49:19.789#Z#DEBUG#13edb48d-4c3c-11f1-ad7f-eeee0a8b5753.OPERATION#flowable-async-job-executor-thread-36069#
[StageAppStep] Checking status of application "onboarding-backend-srv"...#
#2026 05 10 06:49:19.789#Z#DEBUG#13edb48d-4c3c-11f1-ad7f-eeee0a8b5753.OPERATION#flowable-async-job-executor-thread-36069#
[StageAppStep] Getting build "ddb9aa32-d669-42f0-a900-6ade6cbfe467"...#
#2026 05 10 06:49:19.823#Z#DEBUG#13edb48d-4c3c-11f1-ad7f-eeee0a8b5753.OPERATION#flowable-async-job-executor-thread-36069#
[StageAppStep] Staging status of application "onboarding-backend-srv": FAILED#
#2026 05 10 06:49:19.825#Z#DEBUG#13edb48d-4c3c-11f1-ad7f-eeee0a8b5753.OPERATION#flowable-async-job-executor-thread-36069#
[StageAppStep] Getting application guid "onboarding-backend-srv"...#
#2026 05 10 06:49:19.908#Z#ERROR#13edb48d-4c3c-11f1-ad7f-eeee0a8b5753.OPERATION#flowable-async-job-executor-thread-36069#
[StageAppStep] Error staging application "onboarding-backend-srv": BuildpackCompileFailed - App staging failed in the buildpack compile phase
Download the application logs via the dmol command and check them for more information.#
#2026 05 10 06:49:19.912#Z#ERROR#13edb48d-4c3c-11f1-ad7f-eeee0a8b5753.OPERATION#flowable-async-job-executor-thread-36069#
Exception caught#
org.cloudfoundry.multiapps.common.SLException: A step of the process has failed. Retrying it may solve the issue.
	at org.cloudfoundry.multiapps.controller.process.steps.SyncFlowableStep.executeInternal(SyncFlowableStep.java:83)
	at org.cloudfoundry.multiapps.controller.process.steps.SyncFlowableStep.lambda$execute$0(SyncFlowableStep.java:71)
	at org.cloudfoundry.multiapps.controller.core.util.LoggingUtil.logWithCorrelationId(LoggingUtil.java:14)
	at org.cloudfoundry.multiapps.controller.process.steps.SyncFlowableStep.execute(SyncFlowableStep.java:71)
	at org.flowable.engine.impl.delegate.invocation.JavaDelegateInvocation.invoke(JavaDelegateInvocation.java:35)
	at org.flowable.engine.impl.delegate.invocation.DelegateInvocation.proceed(DelegateInvocation.java:32)
	at org.flowable.engine.impl.delegate.invocation.DefaultDelegateInterceptor.handleInvocation(DefaultDelegateInterceptor.java:26)
	at org.flowable.engine.impl.bpmn.behavior.ServiceTaskDelegateExpressionActivityBehavior.execute(ServiceTaskDelegateExpressionActivityBehavior.java:177)
	at org.flowable.engine.impl.agenda.ContinueProcessOperation.executeActivityBehavior(ContinueProcessOperation.java:298)
	at org.flowable.engine.impl.agenda.ContinueProcessOperation.executeSynchronous(ContinueProcessOperation.java:175)
	at org.flowable.engine.impl.agenda.ContinueProcessOperation.continueThroughFlowNode(ContinueProcessOperation.java:125)
	at org.flowable.engine.impl.agenda.ContinueProcessOperation.run(ContinueProcessOperation.java:88)
	at org.flowable.common.engine.impl.AbstractEngineConfiguration.lambda$new$0(AbstractEngineConfiguration.java:198)
	at org.flowable.engine.impl.interceptor.CommandInvoker.executeOperation(CommandInvoker.java:189)
	at org.flowable.engine.impl.interceptor.CommandInvoker.executeOperations(CommandInvoker.java:128)
	at org.flowable.engine.impl.interceptor.CommandInvoker.execute(CommandInvoker.java:80)
	at org.flowable.engine.impl.interceptor.BpmnOverrideContextInterceptor.execute(BpmnOverrideContextInterceptor.java:26)
	at org.flowable.common.engine.impl.interceptor.TransactionContextInterceptor.execute(TransactionContextInterceptor.java:53)
	at org.flowable.common.engine.impl.interceptor.CommandContextInterceptor.execute(CommandContextInterceptor.java:105)
	at org.flowable.common.spring.SpringTransactionInterceptor.lambda$execute$0(SpringTransactionInterceptor.java:57)
	at org.springframework.transaction.support.TransactionTemplate.execute(TransactionTemplate.java:140)
	at org.flowable.common.spring.SpringTransactionInterceptor.execute(SpringTransactionInterceptor.java:57)
	at org.flowable.common.engine.impl.interceptor.LogInterceptor.execute(LogInterceptor.java:30)
	at org.flowable.common.engine.impl.cfg.CommandExecutorImpl.execute(CommandExecutorImpl.java:56)
	at org.flowable.common.engine.impl.cfg.CommandExecutorImpl.execute(CommandExecutorImpl.java:51)
	at org.flowable.job.service.impl.asyncexecutor.ExecuteAsyncRunnable.handleTransactionalJob(ExecuteAsyncRunnable.java:177)
	at org.flowable.job.service.impl.asyncexecutor.ExecuteAsyncRunnable.executeJob(ExecuteAsyncRunnable.java:146)
	at org.flowable.job.service.impl.asyncexecutor.ExecuteAsyncRunnable.runInternally(ExecuteAsyncRunnable.java:122)
	at org.flowable.job.service.impl.asyncexecutor.ExecuteAsyncRunnable.run(ExecuteAsyncRunnable.java:96)
	at java.base/java.util.concurrent.ThreadPoolExecutor.runWorker(ThreadPoolExecutor.java:1090)
	at java.base/java.util.concurrent.ThreadPoolExecutor$Worker.run(ThreadPoolExecutor.java:614)
	at java.base/java.lang.Thread.run(Thread.java:1474)
#2026 05 10 06:49:19.917#Z#DEBUG#13edb48d-4c3c-11f1-ad7f-eeee0a8b5753.OPERATION#flowable-async-job-executor-thread-36069#
Step "Stage App" finished#
